#
# There is insufficient memory for the Java Runtime Environment to continue.
# Native memory allocation (malloc) failed to allocate 840528 bytes for Chunk::new
# Possible reasons:
#   The system is out of physical RAM or swap space
#   The process is running with CompressedOops enabled, and the Java Heap may be blocking the growth of the native heap
# Possible solutions:
#   Reduce memory load on the system
#   Increase physical memory or swap space
#   Check if swap backing store is full
#   Decrease Java heap size (-Xmx/-Xms)
#   Decrease number of Java threads
#   Decrease Java thread stack sizes (-Xss)
#   Set larger code cache with -XX:ReservedCodeCacheSize=
#   JVM is running with Unscaled Compressed Oops mode in which the Java heap is
#     placed in the first 4GB address space. The Java Heap base address is the
#     maximum limit for the native heap growth. Please use -XX:HeapBaseMinAddress
#     to set the Java Heap base and to place the Java Heap above 4GB virtual address.
# This output file may be truncated or incomplete.
#
#  Out of Memory Error (./open/src/hotspot/share/memory/arena.cpp:195), pid=2008, tid=6828
#
# JRE version: OpenJDK Runtime Environment (15.0.1+9) (build 15.0.1+9-18)
# Java VM: OpenJDK 64-Bit Server VM (15.0.1+9-18, mixed mode, sharing, tiered, compressed oops, g1 gc, windows-amd64)
# No core dump will be written. Minidumps are not enabled by default on client versions of Windows
#

---------------  S U M M A R Y ------------

Command Line: --add-opens=java.base/java.util=ALL-UNNAMED --add-opens=java.base/java.lang=ALL-UNNAMED --add-opens=java.base/java.lang.invoke=ALL-UNNAMED --add-opens=java.prefs/java.util.prefs=ALL-UNNAMED -XX:MaxMetaspaceSize=256m -XX:+HeapDumpOnOutOfMemoryError -Xms256m -Xmx512m -Dfile.encoding=windows-1251 -Duser.country=RU -Duser.language=ru -Duser.variant org.gradle.launcher.daemon.bootstrap.GradleDaemon 6.3

Host: Intel(R) Core(TM) i5-6200U CPU @ 2.30GHz, 4 cores, 3G,  Windows 10 , 64 bit Build 19041 (10.0.19041.662)
Time: Sat Jan 16 23:54:16 2021 RTZ 1 (зима) elapsed time: 16.973541 seconds (0d 0h 0m 16s)

---------------  T H R E A D  ---------------

Current thread (0x00000238c5130700):  JavaThread "C2 CompilerThread0" daemon [_thread_in_native, id=6828, stack(0x0000007252900000,0x0000007252a00000)]


Current CompileTask:
C2:  16974 6947 %     4       java.util.regex.Pattern::compile @ 73 (500 bytes)

Stack: [0x0000007252900000,0x0000007252a00000]
Native frames: (J=compiled Java code, j=interpreted, Vv=VM code, C=native code)
V  [jvm.dll+0x62ae9a]
V  [jvm.dll+0x781389]
V  [jvm.dll+0x782ae3]
V  [jvm.dll+0x783143]
V  [jvm.dll+0x216265]
V  [jvm.dll+0x97efa]
V  [jvm.dll+0x985dc]
V  [jvm.dll+0x32e525]
V  [jvm.dll+0x2f78aa]
V  [jvm.dll+0x2f6c6a]
V  [jvm.dll+0x1ea645]
V  [jvm.dll+0x1e98ae]
V  [jvm.dll+0x1784c7]
V  [jvm.dll+0x1f9165]
V  [jvm.dll+0x1f720c]
V  [jvm.dll+0x74485d]
V  [jvm.dll+0x73d65a]
V  [jvm.dll+0x629c56]
C  [ucrtbase.dll+0x214c2]
C  [KERNEL32.DLL+0x17034]
C  [ntdll.dll+0x4d0d1]


---------------  P R O C E S S  ---------------

Threads class SMR info:
_java_thread_list=0x00000238c83f5b80, length=41, elements={
0x00000238aa710b70, 0x00000238c510cd70, 0x00000238c510dff0, 0x00000238c512b120,
0x00000238c512c9f0, 0x00000238c512fa60, 0x00000238c5130700, 0x00000238c513adb0,
0x00000238c51436a0, 0x00000238c5b7cf70, 0x00000238c5b9da00, 0x00000238c71b3c80,
0x00000238c719db70, 0x00000238c7392030, 0x00000238c73c80c0, 0x00000238c7232330,
0x00000238c725f040, 0x00000238c725fcf0, 0x00000238c7260db0, 0x00000238c72654d0,
0x00000238c7285e40, 0x00000238c7284fd0, 0x00000238c7286310, 0x00000238c7284b00,
0x00000238c7285970, 0x00000238c7284160, 0x00000238c7283c90, 0x00000238c83056d0,
0x00000238c82fe820, 0x00000238c8300500, 0x00000238c83039f0, 0x00000238c83009d0,
0x00000238c82ff690, 0x00000238c8304d30, 0x00000238c8305200, 0x00000238c8300ea0,
0x00000238c8301370, 0x00000238c8304860, 0x00000238c8305ba0, 0x00000238c8301840,
0x00000238c8301d10
}

Java Threads: ( => current thread )
  0x00000238aa710b70 JavaThread "main" [_thread_blocked, id=4116, stack(0x0000007251d00000,0x0000007251e00000)]
  0x00000238c510cd70 JavaThread "Reference Handler" daemon [_thread_blocked, id=5996, stack(0x0000007252400000,0x0000007252500000)]
  0x00000238c510dff0 JavaThread "Finalizer" daemon [_thread_blocked, id=1240, stack(0x0000007252500000,0x0000007252600000)]
  0x00000238c512b120 JavaThread "Signal Dispatcher" daemon [_thread_blocked, id=928, stack(0x0000007252600000,0x0000007252700000)]
  0x00000238c512c9f0 JavaThread "Attach Listener" daemon [_thread_blocked, id=232, stack(0x0000007252700000,0x0000007252800000)]
  0x00000238c512fa60 JavaThread "Service Thread" daemon [_thread_blocked, id=1940, stack(0x0000007252800000,0x0000007252900000)]
=>0x00000238c5130700 JavaThread "C2 CompilerThread0" daemon [_thread_in_native, id=6828, stack(0x0000007252900000,0x0000007252a00000)]
  0x00000238c513adb0 JavaThread "C1 CompilerThread0" daemon [_thread_blocked, id=5944, stack(0x0000007252a00000,0x0000007252b00000)]
  0x00000238c51436a0 JavaThread "Sweeper thread" daemon [_thread_blocked, id=7228, stack(0x0000007252b00000,0x0000007252c00000)]
  0x00000238c5b7cf70 JavaThread "Common-Cleaner" daemon [_thread_blocked, id=200, stack(0x0000007252c00000,0x0000007252d00000)]
  0x00000238c5b9da00 JavaThread "Notification Thread" daemon [_thread_blocked, id=2736, stack(0x0000007252d00000,0x0000007252e00000)]
  0x00000238c71b3c80 JavaThread "Daemon health stats" [_thread_blocked, id=8312, stack(0x0000007253300000,0x0000007253400000)]
  0x00000238c719db70 JavaThread "Incoming local TCP Connector on port 50984" [_thread_in_native, id=6864, stack(0x0000007253400000,0x0000007253500000)]
  0x00000238c7392030 JavaThread "Daemon periodic checks" [_thread_blocked, id=6260, stack(0x0000007253500000,0x0000007253600000)]
  0x00000238c73c80c0 JavaThread "Daemon" [_thread_blocked, id=3180, stack(0x0000007253600000,0x0000007253700000)]
  0x00000238c7232330 JavaThread "Handler for socket connection from /127.0.0.1:50984 to /127.0.0.1:50985" [_thread_in_native, id=1672, stack(0x0000007253700000,0x0000007253800000)]
  0x00000238c725f040 JavaThread "Cancel handler" [_thread_blocked, id=3288, stack(0x0000007253800000,0x0000007253900000)]
  0x00000238c725fcf0 JavaThread "Daemon worker" [_thread_in_native, id=7924, stack(0x0000007253900000,0x0000007253a00000)]
  0x00000238c7260db0 JavaThread "Asynchronous log dispatcher for DefaultDaemonConnection: socket connection from /127.0.0.1:50984 to /127.0.0.1:50985" [_thread_blocked, id=8728, stack(0x0000007253a00000,0x0000007253b00000)]
  0x00000238c72654d0 JavaThread "Stdin handler" [_thread_blocked, id=8808, stack(0x0000007253b00000,0x0000007253c00000)]
  0x00000238c7285e40 JavaThread "Thread-8" [_thread_blocked, id=8616, stack(0x0000007253c00000,0x0000007253d00000)]
  0x00000238c7284fd0 JavaThread "Cache worker for journal cache (C:\Users\Nadya\.gradle\caches\journal-1)" [_thread_blocked, id=1820, stack(0x0000007253d00000,0x0000007253e00000)]
  0x00000238c7286310 JavaThread "File lock request listener" [_thread_in_native, id=4500, stack(0x0000007253e00000,0x0000007253f00000)]
  0x00000238c7284b00 JavaThread "Cache worker for file hash cache (C:\Users\Nadya\.gradle\caches\6.3\fileHashes)" [_thread_blocked, id=3636, stack(0x0000007253f00000,0x0000007254000000)]
  0x00000238c7285970 JavaThread "Cache worker for checksums cache (C:\Users\Nadya\IdeaProjects\firstApp\.gradle\checksums)" [_thread_blocked, id=1320, stack(0x0000007254000000,0x0000007254100000)]
  0x00000238c7284160 JavaThread "Cache worker for file hash cache (C:\Users\Nadya\IdeaProjects\firstApp\.gradle\6.3\fileHashes)" [_thread_blocked, id=8308, stack(0x0000007254100000,0x0000007254200000)]
  0x00000238c7283c90 JavaThread "Cache worker for cache directory md-supplier (C:\Users\Nadya\.gradle\caches\6.3\md-supplier)" [_thread_blocked, id=6752, stack(0x0000007254200000,0x0000007254300000)]
  0x00000238c83056d0 JavaThread "Cache worker for cache directory md-rule (C:\Users\Nadya\.gradle\caches\6.3\md-rule)" [_thread_blocked, id=8620, stack(0x0000007254300000,0x0000007254400000)]
  0x00000238c82fe820 JavaThread "Cache worker for execution history cache (C:\Users\Nadya\.gradle\caches\6.3\executionHistory)" [_thread_blocked, id=9080, stack(0x0000007254400000,0x0000007254500000)]
  0x00000238c8300500 JavaThread "Build operations" [_thread_blocked, id=2300, stack(0x0000007254500000,0x0000007254600000)]
  0x00000238c83039f0 JavaThread "Build operations Thread 2" [_thread_blocked, id=3420, stack(0x0000007254600000,0x0000007254700000)]
  0x00000238c83009d0 JavaThread "Build operations Thread 3" [_thread_blocked, id=2052, stack(0x0000007254700000,0x0000007254800000)]
  0x00000238c82ff690 JavaThread "Build operations Thread 4" [_thread_blocked, id=7740, stack(0x0000007254800000,0x0000007254900000)]
  0x00000238c8304d30 JavaThread "Cache worker for Build Output Cleanup Cache (C:\Users\Nadya\IdeaProjects\firstApp\.gradle\buildOutputCleanup)" [_thread_blocked, id=6732, stack(0x0000007254900000,0x0000007254a00000)]
  0x00000238c8305200 JavaThread "Memory manager" [_thread_blocked, id=2332, stack(0x0000007254a00000,0x0000007254b00000)]
  0x00000238c8300ea0 JavaThread "Cache worker for file content cache (C:\Users\Nadya\.gradle\caches\6.3\fileContent)" [_thread_blocked, id=5900, stack(0x0000007254b00000,0x0000007254c00000)]
  0x00000238c8301370 JavaThread "Cache worker for file content cache (C:\Users\Nadya\IdeaProjects\firstApp\.gradle\6.3\fileContent)" [_thread_blocked, id=4504, stack(0x0000007254c00000,0x0000007254d00000)]
  0x00000238c8304860 JavaThread "Execution worker for ':'" [_thread_blocked, id=2696, stack(0x0000007254e00000,0x0000007254f00000)]
  0x00000238c8305ba0 JavaThread "Execution worker for ':' Thread 2" [_thread_blocked, id=8996, stack(0x0000007254f00000,0x0000007255000000)]
  0x00000238c8301840 JavaThread "Execution worker for ':' Thread 3" [_thread_blocked, id=8628, stack(0x0000007255000000,0x0000007255100000)]
  0x00000238c8301d10 JavaThread "Cache worker for execution history cache (C:\Users\Nadya\IdeaProjects\firstApp\.gradle\6.3\executionHistory)" [_thread_blocked, id=248, stack(0x0000007255100000,0x0000007255200000)]

Other Threads:
  0x00000238c510ae40 VMThread "VM Thread" [stack: 0x0000007252300000,0x0000007252400000] [id=5436]
  0x00000238c5b9ded0 WatcherThread [stack: 0x0000007252e00000,0x0000007252f00000] [id=3952]
  0x00000238aa737720 GCTaskThread "GC Thread#0" [stack: 0x0000007251e00000,0x0000007251f00000] [id=5452]
  0x00000238c5b7af90 GCTaskThread "GC Thread#1" [stack: 0x0000007252f00000,0x0000007253000000] [id=6096]
  0x00000238c5b7a2d0 GCTaskThread "GC Thread#2" [stack: 0x0000007253000000,0x0000007253100000] [id=6268]
  0x00000238c5b7bc50 GCTaskThread "GC Thread#3" [stack: 0x0000007253100000,0x0000007253200000] [id=7296]
  0x00000238aa73efb0 ConcurrentGCThread "G1 Main Marker" [stack: 0x0000007251f00000,0x0000007252000000] [id=1164]
  0x00000238aa740250 ConcurrentGCThread "G1 Conc#0" [stack: 0x0000007252000000,0x0000007252100000] [id=2612]
  0x00000238aa7ed280 ConcurrentGCThread "G1 Refine#0" [stack: 0x0000007252100000,0x0000007252200000] [id=6748]
  0x00000238c5d93640 ConcurrentGCThread "G1 Refine#1" [stack: 0x0000007253200000,0x0000007253300000] [id=1624]
  0x00000238aa7eeae0 ConcurrentGCThread "G1 Young RemSet Sampling" [stack: 0x0000007252200000,0x0000007252300000] [id=3160]

Threads with active compile tasks:
C2 CompilerThread0    17042 6947 %     4       java.util.regex.Pattern::compile @ 73 (500 bytes)

VM state: not at safepoint (normal execution)

VM Mutex/Monitor currently owned by a thread: None

Heap address: 0x00000000e0000000, size: 512 MB, Compressed Oops mode: 32-bit
CDS archive(s) mapped at: [0x0000000800000000-0x0000000800b50000-0x0000000800b50000), size 11862016, SharedBaseAddress: 0x0000000800000000, ArchiveRelocationMode: 0.
Compressed class space mapped at: 0x0000000800b50000-0x0000000810350000, size: 260046848
Narrow klass base: 0x0000000800000000, Narrow klass shift: 3, Narrow klass range: 0x100000000

GC Precious Log:
 CPUs: 4 total, 4 available
 Memory: 3512M
 Large Page Support: Disabled
 NUMA Support: Disabled
 Compressed Oops: Enabled (32-bit)
 Heap Region Size: 1M
 Heap Min Capacity: 256M
 Heap Initial Capacity: 256M
 Heap Max Capacity: 512M
 Pre-touch: Disabled
 Parallel Workers: 4
 Concurrent Workers: 1
 Concurrent Refinement Workers: 4
 Periodic GC: Disabled

Heap:
 garbage-first heap   total 262144K, used 70345K [0x00000000e0000000, 0x0000000100000000)
  region size 1024K, 29 young (29696K), 3 survivors (3072K)
 Metaspace       used 62619K, capacity 63325K, committed 63696K, reserved 309248K
  class space    used 8029K, capacity 8302K, committed 8444K, reserved 253952K

Heap Regions: E=young(eden), S=young(survivor), O=old, HS=humongous(starts), HC=humongous(continues), CS=collection set, F=free, OA=open archive, CA=closed archive, TAMS=top-at-mark-start (previous, next)
|   0|0x00000000e0000000, 0x00000000e0100000, 0x00000000e0100000|100%| O|  |TAMS 0x00000000e0100000, 0x00000000e0000000| Untracked 
|   1|0x00000000e0100000, 0x00000000e0200000, 0x00000000e0200000|100%| O|  |TAMS 0x00000000e0200000, 0x00000000e0100000| Untracked 
|   2|0x00000000e0200000, 0x00000000e0300000, 0x00000000e0300000|100%| O|  |TAMS 0x00000000e0300000, 0x00000000e0200000| Untracked 
|   3|0x00000000e0300000, 0x00000000e0400000, 0x00000000e0400000|100%|HS|  |TAMS 0x00000000e0400000, 0x00000000e0300000| Complete 
|   4|0x00000000e0400000, 0x00000000e0500000, 0x00000000e0500000|100%|HC|  |TAMS 0x00000000e0500000, 0x00000000e0400000| Complete 
|   5|0x00000000e0500000, 0x00000000e0600000, 0x00000000e0600000|100%|HC|  |TAMS 0x00000000e0600000, 0x00000000e0500000| Complete 
|   6|0x00000000e0600000, 0x00000000e0700000, 0x00000000e0700000|100%| O|  |TAMS 0x00000000e0700000, 0x00000000e0600000| Untracked 
|   7|0x00000000e0700000, 0x00000000e0800000, 0x00000000e0800000|100%| O|  |TAMS 0x00000000e0800000, 0x00000000e0700000| Untracked 
|   8|0x00000000e0800000, 0x00000000e0900000, 0x00000000e0900000|100%| O|  |TAMS 0x00000000e0900000, 0x00000000e0800000| Untracked 
|   9|0x00000000e0900000, 0x00000000e0a00000, 0x00000000e0a00000|100%| O|  |TAMS 0x00000000e0a00000, 0x00000000e0900000| Untracked 
|  10|0x00000000e0a00000, 0x00000000e0b00000, 0x00000000e0b00000|100%|HS|  |TAMS 0x00000000e0b00000, 0x00000000e0a00000| Complete 
|  11|0x00000000e0b00000, 0x00000000e0c00000, 0x00000000e0c00000|100%|HC|  |TAMS 0x00000000e0c00000, 0x00000000e0b00000| Complete 
|  12|0x00000000e0c00000, 0x00000000e0d00000, 0x00000000e0d00000|100%|HC|  |TAMS 0x00000000e0d00000, 0x00000000e0c00000| Complete 
|  13|0x00000000e0d00000, 0x00000000e0e00000, 0x00000000e0e00000|100%| O|  |TAMS 0x00000000e0e00000, 0x00000000e0d00000| Untracked 
|  14|0x00000000e0e00000, 0x00000000e0f00000, 0x00000000e0f00000|100%| O|  |TAMS 0x00000000e0f00000, 0x00000000e0e00000| Untracked 
|  15|0x00000000e0f00000, 0x00000000e1000000, 0x00000000e1000000|100%| O|  |TAMS 0x00000000e1000000, 0x00000000e0f00000| Untracked 
|  16|0x00000000e1000000, 0x00000000e1100000, 0x00000000e1100000|100%| O|  |TAMS 0x00000000e1100000, 0x00000000e1000000| Untracked 
|  17|0x00000000e1100000, 0x00000000e1200000, 0x00000000e1200000|100%| O|  |TAMS 0x00000000e1200000, 0x00000000e1100000| Untracked 
|  18|0x00000000e1200000, 0x00000000e1300000, 0x00000000e1300000|100%| O|  |TAMS 0x00000000e1300000, 0x00000000e1200000| Untracked 
|  19|0x00000000e1300000, 0x00000000e1400000, 0x00000000e1400000|100%| O|  |TAMS 0x00000000e1400000, 0x00000000e1300000| Untracked 
|  20|0x00000000e1400000, 0x00000000e1500000, 0x00000000e1500000|100%| O|  |TAMS 0x00000000e1500000, 0x00000000e1400000| Untracked 
|  21|0x00000000e1500000, 0x00000000e1600000, 0x00000000e1600000|100%| O|  |TAMS 0x00000000e1536800, 0x00000000e1500000| Untracked 
|  22|0x00000000e1600000, 0x00000000e1700000, 0x00000000e1700000|100%| O|  |TAMS 0x00000000e1600000, 0x00000000e1600000| Untracked 
|  23|0x00000000e1700000, 0x00000000e1800000, 0x00000000e1800000|100%| O|  |TAMS 0x00000000e1700000, 0x00000000e1700000| Untracked 
|  24|0x00000000e1800000, 0x00000000e1900000, 0x00000000e1900000|100%| O|  |TAMS 0x00000000e1800000, 0x00000000e1800000| Untracked 
|  25|0x00000000e1900000, 0x00000000e1a00000, 0x00000000e1a00000|100%| O|  |TAMS 0x00000000e1900000, 0x00000000e1900000| Untracked 
|  26|0x00000000e1a00000, 0x00000000e1b00000, 0x00000000e1b00000|100%| O|  |TAMS 0x00000000e1a00000, 0x00000000e1a00000| Untracked 
|  27|0x00000000e1b00000, 0x00000000e1c00000, 0x00000000e1c00000|100%| O|  |TAMS 0x00000000e1b00000, 0x00000000e1b00000| Untracked 
|  28|0x00000000e1c00000, 0x00000000e1d00000, 0x00000000e1d00000|100%| O|  |TAMS 0x00000000e1c00000, 0x00000000e1c00000| Untracked 
|  29|0x00000000e1d00000, 0x00000000e1e00000, 0x00000000e1e00000|100%| O|  |TAMS 0x00000000e1d00000, 0x00000000e1d00000| Untracked 
|  30|0x00000000e1e00000, 0x00000000e1f00000, 0x00000000e1f00000|100%| O|  |TAMS 0x00000000e1e00000, 0x00000000e1e00000| Untracked 
|  31|0x00000000e1f00000, 0x00000000e2000000, 0x00000000e2000000|100%| O|  |TAMS 0x00000000e1f00000, 0x00000000e1f00000| Untracked 
|  32|0x00000000e2000000, 0x00000000e2100000, 0x00000000e2100000|100%| O|  |TAMS 0x00000000e2000000, 0x00000000e2000000| Untracked 
|  33|0x00000000e2100000, 0x00000000e2200000, 0x00000000e2200000|100%| O|  |TAMS 0x00000000e2100000, 0x00000000e2100000| Untracked 
|  34|0x00000000e2200000, 0x00000000e2300000, 0x00000000e2300000|100%| O|  |TAMS 0x00000000e2200000, 0x00000000e2200000| Untracked 
|  35|0x00000000e2300000, 0x00000000e2400000, 0x00000000e2400000|100%| O|  |TAMS 0x00000000e2300000, 0x00000000e2300000| Untracked 
|  36|0x00000000e2400000, 0x00000000e2500000, 0x00000000e2500000|100%| O|  |TAMS 0x00000000e2400000, 0x00000000e2400000| Untracked 
|  37|0x00000000e2500000, 0x00000000e2600000, 0x00000000e2600000|100%| O|  |TAMS 0x00000000e2500000, 0x00000000e2500000| Untracked 
|  38|0x00000000e2600000, 0x00000000e2700000, 0x00000000e2700000|100%| O|  |TAMS 0x00000000e2600000, 0x00000000e2600000| Untracked 
|  39|0x00000000e2700000, 0x00000000e2800000, 0x00000000e2800000|100%| O|  |TAMS 0x00000000e2700000, 0x00000000e2700000| Untracked 
|  40|0x00000000e2800000, 0x00000000e2900000, 0x00000000e2900000|100%| O|  |TAMS 0x00000000e2800000, 0x00000000e2800000| Untracked 
|  41|0x00000000e2900000, 0x00000000e2932400, 0x00000000e2a00000| 19%| O|  |TAMS 0x00000000e2900000, 0x00000000e2900000| Untracked 
|  42|0x00000000e2a00000, 0x00000000e2a00000, 0x00000000e2b00000|  0%| F|  |TAMS 0x00000000e2a00000, 0x00000000e2a00000| Untracked 
|  43|0x00000000e2b00000, 0x00000000e2b00000, 0x00000000e2c00000|  0%| F|  |TAMS 0x00000000e2b00000, 0x00000000e2b00000| Untracked 
|  44|0x00000000e2c00000, 0x00000000e2c00000, 0x00000000e2d00000|  0%| F|  |TAMS 0x00000000e2c00000, 0x00000000e2c00000| Untracked 
|  45|0x00000000e2d00000, 0x00000000e2d00000, 0x00000000e2e00000|  0%| F|  |TAMS 0x00000000e2d00000, 0x00000000e2d00000| Untracked 
|  46|0x00000000e2e00000, 0x00000000e2e00000, 0x00000000e2f00000|  0%| F|  |TAMS 0x00000000e2e00000, 0x00000000e2e00000| Untracked 
|  47|0x00000000e2f00000, 0x00000000e2f00000, 0x00000000e3000000|  0%| F|  |TAMS 0x00000000e2f00000, 0x00000000e2f00000| Untracked 
|  48|0x00000000e3000000, 0x00000000e3000000, 0x00000000e3100000|  0%| F|  |TAMS 0x00000000e3000000, 0x00000000e3000000| Untracked 
|  49|0x00000000e3100000, 0x00000000e3100000, 0x00000000e3200000|  0%| F|  |TAMS 0x00000000e3100000, 0x00000000e3100000| Untracked 
|  50|0x00000000e3200000, 0x00000000e3200000, 0x00000000e3300000|  0%| F|  |TAMS 0x00000000e3200000, 0x00000000e3200000| Untracked 
|  51|0x00000000e3300000, 0x00000000e3300000, 0x00000000e3400000|  0%| F|  |TAMS 0x00000000e3300000, 0x00000000e3300000| Untracked 
|  52|0x00000000e3400000, 0x00000000e3400000, 0x00000000e3500000|  0%| F|  |TAMS 0x00000000e3400000, 0x00000000e3400000| Untracked 
|  53|0x00000000e3500000, 0x00000000e3500000, 0x00000000e3600000|  0%| F|  |TAMS 0x00000000e3500000, 0x00000000e3500000| Untracked 
|  54|0x00000000e3600000, 0x00000000e3600000, 0x00000000e3700000|  0%| F|  |TAMS 0x00000000e3600000, 0x00000000e3600000| Untracked 
|  55|0x00000000e3700000, 0x00000000e3700000, 0x00000000e3800000|  0%| F|  |TAMS 0x00000000e3700000, 0x00000000e3700000| Untracked 
|  56|0x00000000e3800000, 0x00000000e3800000, 0x00000000e3900000|  0%| F|  |TAMS 0x00000000e3800000, 0x00000000e3800000| Untracked 
|  57|0x00000000e3900000, 0x00000000e3900000, 0x00000000e3a00000|  0%| F|  |TAMS 0x00000000e3900000, 0x00000000e3900000| Untracked 
|  58|0x00000000e3a00000, 0x00000000e3a00000, 0x00000000e3b00000|  0%| F|  |TAMS 0x00000000e3a00000, 0x00000000e3a00000| Untracked 
|  59|0x00000000e3b00000, 0x00000000e3b00000, 0x00000000e3c00000|  0%| F|  |TAMS 0x00000000e3b00000, 0x00000000e3b00000| Untracked 
|  60|0x00000000e3c00000, 0x00000000e3c00000, 0x00000000e3d00000|  0%| F|  |TAMS 0x00000000e3c00000, 0x00000000e3c00000| Untracked 
|  61|0x00000000e3d00000, 0x00000000e3d00000, 0x00000000e3e00000|  0%| F|  |TAMS 0x00000000e3d00000, 0x00000000e3d00000| Untracked 
|  62|0x00000000e3e00000, 0x00000000e3e00000, 0x00000000e3f00000|  0%| F|  |TAMS 0x00000000e3e00000, 0x00000000e3e00000| Untracked 
|  63|0x00000000e3f00000, 0x00000000e3f00000, 0x00000000e4000000|  0%| F|  |TAMS 0x00000000e3f00000, 0x00000000e3f00000| Untracked 
|  64|0x00000000e4000000, 0x00000000e4000000, 0x00000000e4100000|  0%| F|  |TAMS 0x00000000e4000000, 0x00000000e4000000| Untracked 
|  65|0x00000000e4100000, 0x00000000e4100000, 0x00000000e4200000|  0%| F|  |TAMS 0x00000000e4100000, 0x00000000e4100000| Untracked 
|  66|0x00000000e4200000, 0x00000000e4200000, 0x00000000e4300000|  0%| F|  |TAMS 0x00000000e4200000, 0x00000000e4200000| Untracked 
|  67|0x00000000e4300000, 0x00000000e4300000, 0x00000000e4400000|  0%| F|  |TAMS 0x00000000e4300000, 0x00000000e4300000| Untracked 
|  68|0x00000000e4400000, 0x00000000e4400000, 0x00000000e4500000|  0%| F|  |TAMS 0x00000000e4400000, 0x00000000e4400000| Untracked 
|  69|0x00000000e4500000, 0x00000000e4500000, 0x00000000e4600000|  0%| F|  |TAMS 0x00000000e4500000, 0x00000000e4500000| Untracked 
|  70|0x00000000e4600000, 0x00000000e4600000, 0x00000000e4700000|  0%| F|  |TAMS 0x00000000e4600000, 0x00000000e4600000| Untracked 
|  71|0x00000000e4700000, 0x00000000e4700000, 0x00000000e4800000|  0%| F|  |TAMS 0x00000000e4700000, 0x00000000e4700000| Untracked 
|  72|0x00000000e4800000, 0x00000000e4800000, 0x00000000e4900000|  0%| F|  |TAMS 0x00000000e4800000, 0x00000000e4800000| Untracked 
|  73|0x00000000e4900000, 0x00000000e4900000, 0x00000000e4a00000|  0%| F|  |TAMS 0x00000000e4900000, 0x00000000e4900000| Untracked 
|  74|0x00000000e4a00000, 0x00000000e4a00000, 0x00000000e4b00000|  0%| F|  |TAMS 0x00000000e4a00000, 0x00000000e4a00000| Untracked 
|  75|0x00000000e4b00000, 0x00000000e4b00000, 0x00000000e4c00000|  0%| F|  |TAMS 0x00000000e4b00000, 0x00000000e4b00000| Untracked 
|  76|0x00000000e4c00000, 0x00000000e4c00000, 0x00000000e4d00000|  0%| F|  |TAMS 0x00000000e4c00000, 0x00000000e4c00000| Untracked 
|  77|0x00000000e4d00000, 0x00000000e4d00000, 0x00000000e4e00000|  0%| F|  |TAMS 0x00000000e4d00000, 0x00000000e4d00000| Untracked 
|  78|0x00000000e4e00000, 0x00000000e4e00000, 0x00000000e4f00000|  0%| F|  |TAMS 0x00000000e4e00000, 0x00000000e4e00000| Untracked 
|  79|0x00000000e4f00000, 0x00000000e4f00000, 0x00000000e5000000|  0%| F|  |TAMS 0x00000000e4f00000, 0x00000000e4f00000| Untracked 
|  80|0x00000000e5000000, 0x00000000e5000000, 0x00000000e5100000|  0%| F|  |TAMS 0x00000000e5000000, 0x00000000e5000000| Untracked 
|  81|0x00000000e5100000, 0x00000000e5100000, 0x00000000e5200000|  0%| F|  |TAMS 0x00000000e5100000, 0x00000000e5100000| Untracked 
|  82|0x00000000e5200000, 0x00000000e5200000, 0x00000000e5300000|  0%| F|  |TAMS 0x00000000e5200000, 0x00000000e5200000| Untracked 
|  83|0x00000000e5300000, 0x00000000e5300000, 0x00000000e5400000|  0%| F|  |TAMS 0x00000000e5300000, 0x00000000e5300000| Untracked 
|  84|0x00000000e5400000, 0x00000000e5400000, 0x00000000e5500000|  0%| F|  |TAMS 0x00000000e5400000, 0x00000000e5400000| Untracked 
|  85|0x00000000e5500000, 0x00000000e5500000, 0x00000000e5600000|  0%| F|  |TAMS 0x00000000e5500000, 0x00000000e5500000| Untracked 
|  86|0x00000000e5600000, 0x00000000e5600000, 0x00000000e5700000|  0%| F|  |TAMS 0x00000000e5600000, 0x00000000e5600000| Untracked 
|  87|0x00000000e5700000, 0x00000000e5700000, 0x00000000e5800000|  0%| F|  |TAMS 0x00000000e5700000, 0x00000000e5700000| Untracked 
|  88|0x00000000e5800000, 0x00000000e5800000, 0x00000000e5900000|  0%| F|  |TAMS 0x00000000e5800000, 0x00000000e5800000| Untracked 
|  89|0x00000000e5900000, 0x00000000e5900000, 0x00000000e5a00000|  0%| F|  |TAMS 0x00000000e5900000, 0x00000000e5900000| Untracked 
|  90|0x00000000e5a00000, 0x00000000e5a00000, 0x00000000e5b00000|  0%| F|  |TAMS 0x00000000e5a00000, 0x00000000e5a00000| Untracked 
|  91|0x00000000e5b00000, 0x00000000e5b00000, 0x00000000e5c00000|  0%| F|  |TAMS 0x00000000e5b00000, 0x00000000e5b00000| Untracked 
|  92|0x00000000e5c00000, 0x00000000e5c00000, 0x00000000e5d00000|  0%| F|  |TAMS 0x00000000e5c00000, 0x00000000e5c00000| Untracked 
|  93|0x00000000e5d00000, 0x00000000e5d00000, 0x00000000e5e00000|  0%| F|  |TAMS 0x00000000e5d00000, 0x00000000e5d00000| Untracked 
|  94|0x00000000e5e00000, 0x00000000e5e00000, 0x00000000e5f00000|  0%| F|  |TAMS 0x00000000e5e00000, 0x00000000e5e00000| Untracked 
|  95|0x00000000e5f00000, 0x00000000e5f00000, 0x00000000e6000000|  0%| F|  |TAMS 0x00000000e5f00000, 0x00000000e5f00000| Untracked 
|  96|0x00000000e6000000, 0x00000000e6000000, 0x00000000e6100000|  0%| F|  |TAMS 0x00000000e6000000, 0x00000000e6000000| Untracked 
|  97|0x00000000e6100000, 0x00000000e6100000, 0x00000000e6200000|  0%| F|  |TAMS 0x00000000e6100000, 0x00000000e6100000| Untracked 
|  98|0x00000000e6200000, 0x00000000e6200000, 0x00000000e6300000|  0%| F|  |TAMS 0x00000000e6200000, 0x00000000e6200000| Untracked 
|  99|0x00000000e6300000, 0x00000000e6300000, 0x00000000e6400000|  0%| F|  |TAMS 0x00000000e6300000, 0x00000000e6300000| Untracked 
| 100|0x00000000e6400000, 0x00000000e6400000, 0x00000000e6500000|  0%| F|  |TAMS 0x00000000e6400000, 0x00000000e6400000| Untracked 
| 101|0x00000000e6500000, 0x00000000e6500000, 0x00000000e6600000|  0%| F|  |TAMS 0x00000000e6500000, 0x00000000e6500000| Untracked 
| 102|0x00000000e6600000, 0x00000000e6600000, 0x00000000e6700000|  0%| F|  |TAMS 0x00000000e6600000, 0x00000000e6600000| Untracked 
| 103|0x00000000e6700000, 0x00000000e6700000, 0x00000000e6800000|  0%| F|  |TAMS 0x00000000e6700000, 0x00000000e6700000| Untracked 
| 104|0x00000000e6800000, 0x00000000e6800000, 0x00000000e6900000|  0%| F|  |TAMS 0x00000000e6800000, 0x00000000e6800000| Untracked 
| 105|0x00000000e6900000, 0x00000000e6900000, 0x00000000e6a00000|  0%| F|  |TAMS 0x00000000e6900000, 0x00000000e6900000| Untracked 
| 106|0x00000000e6a00000, 0x00000000e6a00000, 0x00000000e6b00000|  0%| F|  |TAMS 0x00000000e6a00000, 0x00000000e6a00000| Untracked 
| 107|0x00000000e6b00000, 0x00000000e6b00000, 0x00000000e6c00000|  0%| F|  |TAMS 0x00000000e6b00000, 0x00000000e6b00000| Untracked 
| 108|0x00000000e6c00000, 0x00000000e6c00000, 0x00000000e6d00000|  0%| F|  |TAMS 0x00000000e6c00000, 0x00000000e6c00000| Untracked 
| 109|0x00000000e6d00000, 0x00000000e6d00000, 0x00000000e6e00000|  0%| F|  |TAMS 0x00000000e6d00000, 0x00000000e6d00000| Untracked 
| 110|0x00000000e6e00000, 0x00000000e6e00000, 0x00000000e6f00000|  0%| F|  |TAMS 0x00000000e6e00000, 0x00000000e6e00000| Untracked 
| 111|0x00000000e6f00000, 0x00000000e6f00000, 0x00000000e7000000|  0%| F|  |TAMS 0x00000000e6f00000, 0x00000000e6f00000| Untracked 
| 112|0x00000000e7000000, 0x00000000e7000000, 0x00000000e7100000|  0%| F|  |TAMS 0x00000000e7000000, 0x00000000e7000000| Untracked 
| 113|0x00000000e7100000, 0x00000000e7100000, 0x00000000e7200000|  0%| F|  |TAMS 0x00000000e7100000, 0x00000000e7100000| Untracked 
| 114|0x00000000e7200000, 0x00000000e7200000, 0x00000000e7300000|  0%| F|  |TAMS 0x00000000e7200000, 0x00000000e7200000| Untracked 
| 115|0x00000000e7300000, 0x00000000e7300000, 0x00000000e7400000|  0%| F|  |TAMS 0x00000000e7300000, 0x00000000e7300000| Untracked 
| 116|0x00000000e7400000, 0x00000000e7400000, 0x00000000e7500000|  0%| F|  |TAMS 0x00000000e7400000, 0x00000000e7400000| Untracked 
| 117|0x00000000e7500000, 0x00000000e7500000, 0x00000000e7600000|  0%| F|  |TAMS 0x00000000e7500000, 0x00000000e7500000| Untracked 
| 118|0x00000000e7600000, 0x00000000e7600000, 0x00000000e7700000|  0%| F|  |TAMS 0x00000000e7600000, 0x00000000e7600000| Untracked 
| 119|0x00000000e7700000, 0x00000000e7700000, 0x00000000e7800000|  0%| F|  |TAMS 0x00000000e7700000, 0x00000000e7700000| Untracked 
| 120|0x00000000e7800000, 0x00000000e7800000, 0x00000000e7900000|  0%| F|  |TAMS 0x00000000e7800000, 0x00000000e7800000| Untracked 
| 121|0x00000000e7900000, 0x00000000e7900000, 0x00000000e7a00000|  0%| F|  |TAMS 0x00000000e7900000, 0x00000000e7900000| Untracked 
| 122|0x00000000e7a00000, 0x00000000e7a00000, 0x00000000e7b00000|  0%| F|  |TAMS 0x00000000e7a00000, 0x00000000e7a00000| Untracked 
| 123|0x00000000e7b00000, 0x00000000e7b00000, 0x00000000e7c00000|  0%| F|  |TAMS 0x00000000e7b00000, 0x00000000e7b00000| Untracked 
| 124|0x00000000e7c00000, 0x00000000e7c00000, 0x00000000e7d00000|  0%| F|  |TAMS 0x00000000e7c00000, 0x00000000e7c00000| Untracked 
| 125|0x00000000e7d00000, 0x00000000e7d00000, 0x00000000e7e00000|  0%| F|  |TAMS 0x00000000e7d00000, 0x00000000e7d00000| Untracked 
| 126|0x00000000e7e00000, 0x00000000e7e00000, 0x00000000e7f00000|  0%| F|  |TAMS 0x00000000e7e00000, 0x00000000e7e00000| Untracked 
| 127|0x00000000e7f00000, 0x00000000e7f00000, 0x00000000e8000000|  0%| F|  |TAMS 0x00000000e7f00000, 0x00000000e7f00000| Untracked 
| 128|0x00000000e8000000, 0x00000000e8000000, 0x00000000e8100000|  0%| F|  |TAMS 0x00000000e8000000, 0x00000000e8000000| Untracked 
| 129|0x00000000e8100000, 0x00000000e8100000, 0x00000000e8200000|  0%| F|  |TAMS 0x00000000e8100000, 0x00000000e8100000| Untracked 
| 130|0x00000000e8200000, 0x00000000e8200000, 0x00000000e8300000|  0%| F|  |TAMS 0x00000000e8200000, 0x00000000e8200000| Untracked 
| 131|0x00000000e8300000, 0x00000000e8300000, 0x00000000e8400000|  0%| F|  |TAMS 0x00000000e8300000, 0x00000000e8300000| Untracked 
| 132|0x00000000e8400000, 0x00000000e8400000, 0x00000000e8500000|  0%| F|  |TAMS 0x00000000e8400000, 0x00000000e8400000| Untracked 
| 133|0x00000000e8500000, 0x00000000e8500000, 0x00000000e8600000|  0%| F|  |TAMS 0x00000000e8500000, 0x00000000e8500000| Untracked 
| 134|0x00000000e8600000, 0x00000000e8600000, 0x00000000e8700000|  0%| F|  |TAMS 0x00000000e8600000, 0x00000000e8600000| Untracked 
| 135|0x00000000e8700000, 0x00000000e8700000, 0x00000000e8800000|  0%| F|  |TAMS 0x00000000e8700000, 0x00000000e8700000| Untracked 
| 136|0x00000000e8800000, 0x00000000e8800000, 0x00000000e8900000|  0%| F|  |TAMS 0x00000000e8800000, 0x00000000e8800000| Untracked 
| 137|0x00000000e8900000, 0x00000000e8900000, 0x00000000e8a00000|  0%| F|  |TAMS 0x00000000e8900000, 0x00000000e8900000| Untracked 
| 138|0x00000000e8a00000, 0x00000000e8a00000, 0x00000000e8b00000|  0%| F|  |TAMS 0x00000000e8a00000, 0x00000000e8a00000| Untracked 
| 139|0x00000000e8b00000, 0x00000000e8b00000, 0x00000000e8c00000|  0%| F|  |TAMS 0x00000000e8b00000, 0x00000000e8b00000| Untracked 
| 140|0x00000000e8c00000, 0x00000000e8c00000, 0x00000000e8d00000|  0%| F|  |TAMS 0x00000000e8c00000, 0x00000000e8c00000| Untracked 
| 141|0x00000000e8d00000, 0x00000000e8d00000, 0x00000000e8e00000|  0%| F|  |TAMS 0x00000000e8d00000, 0x00000000e8d00000| Untracked 
| 142|0x00000000e8e00000, 0x00000000e8e00000, 0x00000000e8f00000|  0%| F|  |TAMS 0x00000000e8e00000, 0x00000000e8e00000| Untracked 
| 143|0x00000000e8f00000, 0x00000000e8f00000, 0x00000000e9000000|  0%| F|  |TAMS 0x00000000e8f00000, 0x00000000e8f00000| Untracked 
| 144|0x00000000e9000000, 0x00000000e9000000, 0x00000000e9100000|  0%| F|  |TAMS 0x00000000e9000000, 0x00000000e9000000| Untracked 
| 145|0x00000000e9100000, 0x00000000e9100000, 0x00000000e9200000|  0%| F|  |TAMS 0x00000000e9100000, 0x00000000e9100000| Untracked 
| 146|0x00000000e9200000, 0x00000000e9200000, 0x00000000e9300000|  0%| F|  |TAMS 0x00000000e9200000, 0x00000000e9200000| Untracked 
| 147|0x00000000e9300000, 0x00000000e9300000, 0x00000000e9400000|  0%| F|  |TAMS 0x00000000e9300000, 0x00000000e9300000| Untracked 
| 148|0x00000000e9400000, 0x00000000e9400000, 0x00000000e9500000|  0%| F|  |TAMS 0x00000000e9400000, 0x00000000e9400000| Untracked 
| 149|0x00000000e9500000, 0x00000000e9500000, 0x00000000e9600000|  0%| F|  |TAMS 0x00000000e9500000, 0x00000000e9500000| Untracked 
| 150|0x00000000e9600000, 0x00000000e9600000, 0x00000000e9700000|  0%| F|  |TAMS 0x00000000e9600000, 0x00000000e9600000| Untracked 
| 151|0x00000000e9700000, 0x00000000e9700000, 0x00000000e9800000|  0%| F|  |TAMS 0x00000000e9700000, 0x00000000e9700000| Untracked 
| 152|0x00000000e9800000, 0x00000000e9800000, 0x00000000e9900000|  0%| F|  |TAMS 0x00000000e9800000, 0x00000000e9800000| Untracked 
| 153|0x00000000e9900000, 0x00000000e9900000, 0x00000000e9a00000|  0%| F|  |TAMS 0x00000000e9900000, 0x00000000e9900000| Untracked 
| 154|0x00000000e9a00000, 0x00000000e9a00000, 0x00000000e9b00000|  0%| F|  |TAMS 0x00000000e9a00000, 0x00000000e9a00000| Untracked 
| 155|0x00000000e9b00000, 0x00000000e9b00000, 0x00000000e9c00000|  0%| F|  |TAMS 0x00000000e9b00000, 0x00000000e9b00000| Untracked 
| 156|0x00000000e9c00000, 0x00000000e9c00000, 0x00000000e9d00000|  0%| F|  |TAMS 0x00000000e9c00000, 0x00000000e9c00000| Untracked 
| 157|0x00000000e9d00000, 0x00000000e9d00000, 0x00000000e9e00000|  0%| F|  |TAMS 0x00000000e9d00000, 0x00000000e9d00000| Untracked 
| 158|0x00000000e9e00000, 0x00000000e9e00000, 0x00000000e9f00000|  0%| F|  |TAMS 0x00000000e9e00000, 0x00000000e9e00000| Untracked 
| 159|0x00000000e9f00000, 0x00000000e9f00000, 0x00000000ea000000|  0%| F|  |TAMS 0x00000000e9f00000, 0x00000000e9f00000| Untracked 
| 160|0x00000000ea000000, 0x00000000ea000000, 0x00000000ea100000|  0%| F|  |TAMS 0x00000000ea000000, 0x00000000ea000000| Untracked 
| 161|0x00000000ea100000, 0x00000000ea100000, 0x00000000ea200000|  0%| F|  |TAMS 0x00000000ea100000, 0x00000000ea100000| Untracked 
| 162|0x00000000ea200000, 0x00000000ea200000, 0x00000000ea300000|  0%| F|  |TAMS 0x00000000ea200000, 0x00000000ea200000| Untracked 
| 163|0x00000000ea300000, 0x00000000ea300000, 0x00000000ea400000|  0%| F|  |TAMS 0x00000000ea300000, 0x00000000ea300000| Untracked 
| 164|0x00000000ea400000, 0x00000000ea400000, 0x00000000ea500000|  0%| F|  |TAMS 0x00000000ea400000, 0x00000000ea400000| Untracked 
| 165|0x00000000ea500000, 0x00000000ea500000, 0x00000000ea600000|  0%| F|  |TAMS 0x00000000ea500000, 0x00000000ea500000| Untracked 
| 166|0x00000000ea600000, 0x00000000ea600000, 0x00000000ea700000|  0%| F|  |TAMS 0x00000000ea600000, 0x00000000ea600000| Untracked 
| 167|0x00000000ea700000, 0x00000000ea700000, 0x00000000ea800000|  0%| F|  |TAMS 0x00000000ea700000, 0x00000000ea700000| Untracked 
| 168|0x00000000ea800000, 0x00000000ea800000, 0x00000000ea900000|  0%| F|  |TAMS 0x00000000ea800000, 0x00000000ea800000| Untracked 
| 169|0x00000000ea900000, 0x00000000ea900000, 0x00000000eaa00000|  0%| F|  |TAMS 0x00000000ea900000, 0x00000000ea900000| Untracked 
| 170|0x00000000eaa00000, 0x00000000eaa00000, 0x00000000eab00000|  0%| F|  |TAMS 0x00000000eaa00000, 0x00000000eaa00000| Untracked 
| 171|0x00000000eab00000, 0x00000000eab00000, 0x00000000eac00000|  0%| F|  |TAMS 0x00000000eab00000, 0x00000000eab00000| Untracked 
| 172|0x00000000eac00000, 0x00000000eac00000, 0x00000000ead00000|  0%| F|  |TAMS 0x00000000eac00000, 0x00000000eac00000| Untracked 
| 173|0x00000000ead00000, 0x00000000ead00000, 0x00000000eae00000|  0%| F|  |TAMS 0x00000000ead00000, 0x00000000ead00000| Untracked 
| 174|0x00000000eae00000, 0x00000000eae00000, 0x00000000eaf00000|  0%| F|  |TAMS 0x00000000eae00000, 0x00000000eae00000| Untracked 
| 175|0x00000000eaf00000, 0x00000000eaf00000, 0x00000000eb000000|  0%| F|  |TAMS 0x00000000eaf00000, 0x00000000eaf00000| Untracked 
| 176|0x00000000eb000000, 0x00000000eb000000, 0x00000000eb100000|  0%| F|  |TAMS 0x00000000eb000000, 0x00000000eb000000| Untracked 
| 177|0x00000000eb100000, 0x00000000eb100000, 0x00000000eb200000|  0%| F|  |TAMS 0x00000000eb100000, 0x00000000eb100000| Untracked 
| 178|0x00000000eb200000, 0x00000000eb200000, 0x00000000eb300000|  0%| F|  |TAMS 0x00000000eb200000, 0x00000000eb200000| Untracked 
| 179|0x00000000eb300000, 0x00000000eb300000, 0x00000000eb400000|  0%| F|  |TAMS 0x00000000eb300000, 0x00000000eb300000| Untracked 
| 180|0x00000000eb400000, 0x00000000eb400000, 0x00000000eb500000|  0%| F|  |TAMS 0x00000000eb400000, 0x00000000eb400000| Untracked 
| 181|0x00000000eb500000, 0x00000000eb500000, 0x00000000eb600000|  0%| F|  |TAMS 0x00000000eb500000, 0x00000000eb500000| Untracked 
| 182|0x00000000eb600000, 0x00000000eb600000, 0x00000000eb700000|  0%| F|  |TAMS 0x00000000eb600000, 0x00000000eb600000| Untracked 
| 183|0x00000000eb700000, 0x00000000eb700000, 0x00000000eb800000|  0%| F|  |TAMS 0x00000000eb700000, 0x00000000eb700000| Untracked 
| 184|0x00000000eb800000, 0x00000000eb800000, 0x00000000eb900000|  0%| F|  |TAMS 0x00000000eb800000, 0x00000000eb800000| Untracked 
| 185|0x00000000eb900000, 0x00000000eb900000, 0x00000000eba00000|  0%| F|  |TAMS 0x00000000eb900000, 0x00000000eb900000| Untracked 
| 186|0x00000000eba00000, 0x00000000eba00000, 0x00000000ebb00000|  0%| F|  |TAMS 0x00000000eba00000, 0x00000000eba00000| Untracked 
| 187|0x00000000ebb00000, 0x00000000ebb00000, 0x00000000ebc00000|  0%| F|  |TAMS 0x00000000ebb00000, 0x00000000ebb00000| Untracked 
| 188|0x00000000ebc00000, 0x00000000ebc00000, 0x00000000ebd00000|  0%| F|  |TAMS 0x00000000ebc00000, 0x00000000ebc00000| Untracked 
| 189|0x00000000ebd00000, 0x00000000ebd00000, 0x00000000ebe00000|  0%| F|  |TAMS 0x00000000ebd00000, 0x00000000ebd00000| Untracked 
| 190|0x00000000ebe00000, 0x00000000ebe00000, 0x00000000ebf00000|  0%| F|  |TAMS 0x00000000ebe00000, 0x00000000ebe00000| Untracked 
| 191|0x00000000ebf00000, 0x00000000ebf00000, 0x00000000ec000000|  0%| F|  |TAMS 0x00000000ebf00000, 0x00000000ebf00000| Untracked 
| 192|0x00000000ec000000, 0x00000000ec000000, 0x00000000ec100000|  0%| F|  |TAMS 0x00000000ec000000, 0x00000000ec000000| Untracked 
| 193|0x00000000ec100000, 0x00000000ec100000, 0x00000000ec200000|  0%| F|  |TAMS 0x00000000ec100000, 0x00000000ec100000| Untracked 
| 194|0x00000000ec200000, 0x00000000ec200000, 0x00000000ec300000|  0%| F|  |TAMS 0x00000000ec200000, 0x00000000ec200000| Untracked 
| 195|0x00000000ec300000, 0x00000000ec300000, 0x00000000ec400000|  0%| F|  |TAMS 0x00000000ec300000, 0x00000000ec300000| Untracked 
| 196|0x00000000ec400000, 0x00000000ec400000, 0x00000000ec500000|  0%| F|  |TAMS 0x00000000ec400000, 0x00000000ec400000| Untracked 
| 197|0x00000000ec500000, 0x00000000ec500000, 0x00000000ec600000|  0%| F|  |TAMS 0x00000000ec500000, 0x00000000ec500000| Untracked 
| 198|0x00000000ec600000, 0x00000000ec600000, 0x00000000ec700000|  0%| F|  |TAMS 0x00000000ec600000, 0x00000000ec600000| Untracked 
| 199|0x00000000ec700000, 0x00000000ec700000, 0x00000000ec800000|  0%| F|  |TAMS 0x00000000ec700000, 0x00000000ec700000| Untracked 
| 200|0x00000000ec800000, 0x00000000ec800000, 0x00000000ec900000|  0%| F|  |TAMS 0x00000000ec800000, 0x00000000ec800000| Untracked 
| 201|0x00000000ec900000, 0x00000000ec900000, 0x00000000eca00000|  0%| F|  |TAMS 0x00000000ec900000, 0x00000000ec900000| Untracked 
| 202|0x00000000eca00000, 0x00000000eca00000, 0x00000000ecb00000|  0%| F|  |TAMS 0x00000000eca00000, 0x00000000eca00000| Untracked 
| 203|0x00000000ecb00000, 0x00000000ecb00000, 0x00000000ecc00000|  0%| F|  |TAMS 0x00000000ecb00000, 0x00000000ecb00000| Untracked 
| 204|0x00000000ecc00000, 0x00000000ecc00000, 0x00000000ecd00000|  0%| F|  |TAMS 0x00000000ecc00000, 0x00000000ecc00000| Untracked 
| 205|0x00000000ecd00000, 0x00000000ecd00000, 0x00000000ece00000|  0%| F|  |TAMS 0x00000000ecd00000, 0x00000000ecd00000| Untracked 
| 206|0x00000000ece00000, 0x00000000ece00000, 0x00000000ecf00000|  0%| F|  |TAMS 0x00000000ece00000, 0x00000000ece00000| Untracked 
| 207|0x00000000ecf00000, 0x00000000ecf00000, 0x00000000ed000000|  0%| F|  |TAMS 0x00000000ecf00000, 0x00000000ecf00000| Untracked 
| 208|0x00000000ed000000, 0x00000000ed000000, 0x00000000ed100000|  0%| F|  |TAMS 0x00000000ed000000, 0x00000000ed000000| Untracked 
| 209|0x00000000ed100000, 0x00000000ed100000, 0x00000000ed200000|  0%| F|  |TAMS 0x00000000ed100000, 0x00000000ed100000| Untracked 
| 210|0x00000000ed200000, 0x00000000ed200000, 0x00000000ed300000|  0%| F|  |TAMS 0x00000000ed200000, 0x00000000ed200000| Untracked 
| 211|0x00000000ed300000, 0x00000000ed300000, 0x00000000ed400000|  0%| F|  |TAMS 0x00000000ed300000, 0x00000000ed300000| Untracked 
| 212|0x00000000ed400000, 0x00000000ed400000, 0x00000000ed500000|  0%| F|  |TAMS 0x00000000ed400000, 0x00000000ed400000| Untracked 
| 213|0x00000000ed500000, 0x00000000ed500000, 0x00000000ed600000|  0%| F|  |TAMS 0x00000000ed500000, 0x00000000ed500000| Untracked 
| 214|0x00000000ed600000, 0x00000000ed600000, 0x00000000ed700000|  0%| F|  |TAMS 0x00000000ed600000, 0x00000000ed600000| Untracked 
| 215|0x00000000ed700000, 0x00000000ed700000, 0x00000000ed800000|  0%| F|  |TAMS 0x00000000ed700000, 0x00000000ed700000| Untracked 
| 216|0x00000000ed800000, 0x00000000ed800000, 0x00000000ed900000|  0%| F|  |TAMS 0x00000000ed800000, 0x00000000ed800000| Untracked 
| 217|0x00000000ed900000, 0x00000000ed900000, 0x00000000eda00000|  0%| F|  |TAMS 0x00000000ed900000, 0x00000000ed900000| Untracked 
| 218|0x00000000eda00000, 0x00000000eda00000, 0x00000000edb00000|  0%| F|  |TAMS 0x00000000eda00000, 0x00000000eda00000| Untracked 
| 219|0x00000000edb00000, 0x00000000edb00000, 0x00000000edc00000|  0%| F|  |TAMS 0x00000000edb00000, 0x00000000edb00000| Untracked 
| 220|0x00000000edc00000, 0x00000000edc00000, 0x00000000edd00000|  0%| F|  |TAMS 0x00000000edc00000, 0x00000000edc00000| Untracked 
| 221|0x00000000edd00000, 0x00000000edd00000, 0x00000000ede00000|  0%| F|  |TAMS 0x00000000edd00000, 0x00000000edd00000| Untracked 
| 222|0x00000000ede00000, 0x00000000ede00000, 0x00000000edf00000|  0%| F|  |TAMS 0x00000000ede00000, 0x00000000ede00000| Untracked 
| 223|0x00000000edf00000, 0x00000000edf00000, 0x00000000ee000000|  0%| F|  |TAMS 0x00000000edf00000, 0x00000000edf00000| Untracked 
| 224|0x00000000ee000000, 0x00000000ee000000, 0x00000000ee100000|  0%| F|  |TAMS 0x00000000ee000000, 0x00000000ee000000| Untracked 
| 225|0x00000000ee100000, 0x00000000ee100000, 0x00000000ee200000|  0%| F|  |TAMS 0x00000000ee100000, 0x00000000ee100000| Untracked 
| 226|0x00000000ee200000, 0x00000000ee200000, 0x00000000ee300000|  0%| F|  |TAMS 0x00000000ee200000, 0x00000000ee200000| Untracked 
| 227|0x00000000ee300000, 0x00000000ee380800, 0x00000000ee400000| 50%| E|  |TAMS 0x00000000ee300000, 0x00000000ee300000| Complete 
| 228|0x00000000ee400000, 0x00000000ee500000, 0x00000000ee500000|100%| E|CS|TAMS 0x00000000ee400000, 0x00000000ee400000| Complete 
| 229|0x00000000ee500000, 0x00000000ee600000, 0x00000000ee600000|100%| E|CS|TAMS 0x00000000ee500000, 0x00000000ee500000| Complete 
| 230|0x00000000ee600000, 0x00000000ee700000, 0x00000000ee700000|100%| E|CS|TAMS 0x00000000ee600000, 0x00000000ee600000| Complete 
| 231|0x00000000ee700000, 0x00000000ee800000, 0x00000000ee800000|100%| E|CS|TAMS 0x00000000ee700000, 0x00000000ee700000| Complete 
| 232|0x00000000ee800000, 0x00000000ee900000, 0x00000000ee900000|100%| E|CS|TAMS 0x00000000ee800000, 0x00000000ee800000| Complete 
| 233|0x00000000ee900000, 0x00000000eea00000, 0x00000000eea00000|100%| E|CS|TAMS 0x00000000ee900000, 0x00000000ee900000| Complete 
| 234|0x00000000eea00000, 0x00000000eeb00000, 0x00000000eeb00000|100%| E|CS|TAMS 0x00000000eea00000, 0x00000000eea00000| Complete 
| 235|0x00000000eeb00000, 0x00000000eeb80000, 0x00000000eec00000| 50%| S|CS|TAMS 0x00000000eeb00000, 0x00000000eeb00000| Complete 
| 236|0x00000000eec00000, 0x00000000eed00000, 0x00000000eed00000|100%| S|CS|TAMS 0x00000000eec00000, 0x00000000eec00000| Complete 
| 237|0x00000000eed00000, 0x00000000eee00000, 0x00000000eee00000|100%| S|CS|TAMS 0x00000000eed00000, 0x00000000eed00000| Complete 
| 238|0x00000000eee00000, 0x00000000eef00000, 0x00000000eef00000|100%| E|CS|TAMS 0x00000000eee00000, 0x00000000eee00000| Complete 
| 239|0x00000000eef00000, 0x00000000ef000000, 0x00000000ef000000|100%| E|CS|TAMS 0x00000000eef00000, 0x00000000eef00000| Complete 
| 240|0x00000000ef000000, 0x00000000ef100000, 0x00000000ef100000|100%| E|CS|TAMS 0x00000000ef000000, 0x00000000ef000000| Complete 
| 241|0x00000000ef100000, 0x00000000ef200000, 0x00000000ef200000|100%| E|CS|TAMS 0x00000000ef100000, 0x00000000ef100000| Complete 
| 242|0x00000000ef200000, 0x00000000ef300000, 0x00000000ef300000|100%| E|CS|TAMS 0x00000000ef200000, 0x00000000ef200000| Complete 
| 243|0x00000000ef300000, 0x00000000ef400000, 0x00000000ef400000|100%| E|CS|TAMS 0x00000000ef300000, 0x00000000ef300000| Complete 
| 244|0x00000000ef400000, 0x00000000ef500000, 0x00000000ef500000|100%| E|CS|TAMS 0x00000000ef400000, 0x00000000ef400000| Complete 
| 245|0x00000000ef500000, 0x00000000ef600000, 0x00000000ef600000|100%| E|CS|TAMS 0x00000000ef500000, 0x00000000ef500000| Complete 
| 246|0x00000000ef600000, 0x00000000ef700000, 0x00000000ef700000|100%| E|CS|TAMS 0x00000000ef600000, 0x00000000ef600000| Complete 
| 247|0x00000000ef700000, 0x00000000ef800000, 0x00000000ef800000|100%| E|CS|TAMS 0x00000000ef700000, 0x00000000ef700000| Complete 
| 248|0x00000000ef800000, 0x00000000ef900000, 0x00000000ef900000|100%| E|CS|TAMS 0x00000000ef800000, 0x00000000ef800000| Complete 
| 249|0x00000000ef900000, 0x00000000efa00000, 0x00000000efa00000|100%| E|CS|TAMS 0x00000000ef900000, 0x00000000ef900000| Complete 
| 250|0x00000000efa00000, 0x00000000efb00000, 0x00000000efb00000|100%| E|CS|TAMS 0x00000000efa00000, 0x00000000efa00000| Complete 
| 251|0x00000000efb00000, 0x00000000efc00000, 0x00000000efc00000|100%| E|CS|TAMS 0x00000000efb00000, 0x00000000efb00000| Complete 
| 252|0x00000000efc00000, 0x00000000efd00000, 0x00000000efd00000|100%| E|CS|TAMS 0x00000000efc00000, 0x00000000efc00000| Complete 
| 253|0x00000000efd00000, 0x00000000efe00000, 0x00000000efe00000|100%| E|CS|TAMS 0x00000000efd00000, 0x00000000efd00000| Complete 
| 254|0x00000000efe00000, 0x00000000eff00000, 0x00000000eff00000|100%| E|CS|TAMS 0x00000000efe00000, 0x00000000efe00000| Complete 
| 255|0x00000000eff00000, 0x00000000f0000000, 0x00000000f0000000|100%| E|CS|TAMS 0x00000000eff00000, 0x00000000eff00000| Complete 

Card table byte_map: [0x00000238c1940000,0x00000238c1a40000] _byte_map_base: 0x00000238c1240000

Marking Bits (Prev, Next): (CMBitMap*) 0x00000238aa738e70, (CMBitMap*) 0x00000238aa738e30
 Prev Bits: [0x00000238c2340000, 0x00000238c2b40000)
 Next Bits: [0x00000238c1b40000, 0x00000238c2340000)

Polling page: 0x00000238a9ef0000

Metaspace:

Usage:
  Non-class:     53.73 MB capacity,    53.31 MB (>99%) used,   349.45 KB ( <1%) free+waste,    83.81 KB ( <1%) overhead. 
      Class:      8.11 MB capacity,     7.84 MB ( 97%) used,   239.34 KB (  3%) free+waste,    32.94 KB ( <1%) overhead. 
       Both:     61.84 MB capacity,    61.15 MB ( 99%) used,   588.79 KB ( <1%) free+waste,   116.75 KB ( <1%) overhead. 

Virtual space:
  Non-class space:       54.00 MB reserved,      53.96 MB (>99%) committed 
      Class space:      248.00 MB reserved,       8.25 MB (  3%) committed 
             Both:      302.00 MB reserved,      62.20 MB ( 21%) committed 

Chunk freelists:
   Non-Class:  37.00 KB
       Class:  18.00 KB
        Both:  55.00 KB

MaxMetaspaceSize: 256.00 MB
CompressedClassSpaceSize: 248.00 MB

CodeHeap 'non-profiled nmethods': size=120000Kb used=2530Kb max_used=3294Kb free=117469Kb
 bounds [0x00000238ba410000, 0x00000238ba750000, 0x00000238c1940000]
CodeHeap 'profiled nmethods': size=120000Kb used=12589Kb max_used=14738Kb free=107411Kb
 bounds [0x00000238b2ee0000, 0x00000238b3d50000, 0x00000238ba410000]
CodeHeap 'non-nmethods': size=5760Kb used=2405Kb max_used=2460Kb free=3355Kb
 bounds [0x00000238b2940000, 0x00000238b2bc0000, 0x00000238b2ee0000]
 total_blobs=6908 nmethods=6004 adapters=816
 compilation: enabled
              stopped_count=0, restarted_count=0
 full_count=0

Compilation events (20 events):
Event: 16.848 Thread 0x00000238c513adb0 nmethod 6934 0x00000238b2fe4d90 code [0x00000238b2fe4f20, 0x00000238b2fe5038]
Event: 16.848 Thread 0x00000238c513adb0 6935       3       java.lang.StringLatin1$CharsSpliterator::tryAdvance (60 bytes)
Event: 16.848 Thread 0x00000238c513adb0 nmethod 6935 0x00000238b2f1f490 code [0x00000238b2f1f660, 0x00000238b2f1fa18]
Event: 16.848 Thread 0x00000238c513adb0 6932   !   3       sun.util.locale.provider.JRELocaleProviderAdapter::getDecimalFormatSymbolsProvider (51 bytes)
Event: 16.849 Thread 0x00000238c513adb0 nmethod 6932 0x00000238b2ee0010 code [0x00000238b2ee0260, 0x00000238b2ee0da8]
Event: 16.849 Thread 0x00000238c513adb0 6933       3       sun.util.locale.provider.DecimalFormatSymbolsProviderImpl::getInstance (21 bytes)
Event: 16.850 Thread 0x00000238c513adb0 nmethod 6933 0x00000238b2f89590 code [0x00000238b2f89760, 0x00000238b2f89ad8]
Event: 16.852 Thread 0x00000238c513adb0 6941   !   3       java.util.Locale::getDefault (132 bytes)
Event: 16.852 Thread 0x00000238c513adb0 nmethod 6941 0x00000238b2ffd490 code [0x00000238b2ffd6a0, 0x00000238b2ffdd58]
Event: 16.852 Thread 0x00000238c513adb0 6942       3       java.util.regex.Matcher::start (22 bytes)
Event: 16.853 Thread 0x00000238c513adb0 nmethod 6942 0x00000238b31c7a10 code [0x00000238b31c7bc0, 0x00000238b31c7dc8]
Event: 16.853 Thread 0x00000238c513adb0 6944       3       java.util.Formatter$Conversion::isGeneral (64 bytes)
Event: 16.853 Thread 0x00000238c513adb0 nmethod 6944 0x00000238b3072990 code [0x00000238b3072b20, 0x00000238b3072cf8]
Event: 16.853 Thread 0x00000238c513adb0 6943       1       java.lang.Byte::byteValue (5 bytes)
Event: 16.853 Thread 0x00000238c513adb0 nmethod 6943 0x00000238ba417690 code [0x00000238ba417820, 0x00000238ba4178d8]
Event: 16.853 Thread 0x00000238c513adb0 6945       1       java.util.Formatter$FormatSpecifier::index (5 bytes)
Event: 16.853 Thread 0x00000238c513adb0 nmethod 6945 0x00000238ba454110 code [0x00000238ba4542a0, 0x00000238ba454358]
Event: 16.892 Thread 0x00000238c513adb0 6946       3       java.lang.invoke.BoundMethodHandle$Species_L::<init> (12 bytes)
Event: 16.892 Thread 0x00000238c513adb0 nmethod 6946 0x00000238b3275910 code [0x00000238b3275ac0, 0x00000238b3275cc8]
Event: 16.898 Thread 0x00000238c5130700 6947 %     4       java.util.regex.Pattern::compile @ 73 (500 bytes)

GC Heap History (14 events):
Event: 0.726 GC heap before
{Heap before GC invocations=0 (full 0):
 garbage-first heap   total 262144K, used 18432K [0x00000000e0000000, 0x0000000100000000)
  region size 1024K, 13 young (13312K), 0 survivors (0K)
 Metaspace       used 1943K, capacity 5372K, committed 5504K, reserved 262144K
  class space    used 211K, capacity 532K, committed 640K, reserved 253952K
}
Event: 0.737 GC heap after
{Heap after GC invocations=1 (full 0):
 garbage-first heap   total 262144K, used 8443K [0x00000000e0000000, 0x0000000100000000)
  region size 1024K, 2 young (2048K), 2 survivors (2048K)
 Metaspace       used 1943K, capacity 5372K, committed 5504K, reserved 262144K
  class space    used 211K, capacity 532K, committed 640K, reserved 253952K
}
Event: 1.254 GC heap before
{Heap before GC invocations=1 (full 0):
 garbage-first heap   total 262144K, used 20731K [0x00000000e0000000, 0x0000000100000000)
  region size 1024K, 14 young (14336K), 2 survivors (2048K)
 Metaspace       used 3937K, capacity 6607K, committed 6656K, reserved 262144K
  class space    used 487K, capacity 729K, committed 768K, reserved 253952K
}
Event: 1.258 GC heap after
{Heap after GC invocations=2 (full 0):
 garbage-first heap   total 262144K, used 9215K [0x00000000e0000000, 0x0000000100000000)
  region size 1024K, 1 young (1024K), 1 survivors (1024K)
 Metaspace       used 3937K, capacity 6607K, committed 6656K, reserved 262144K
  class space    used 487K, capacity 729K, committed 768K, reserved 253952K
}
Event: 1.609 GC heap before
{Heap before GC invocations=2 (full 0):
 garbage-first heap   total 262144K, used 29695K [0x00000000e0000000, 0x0000000100000000)
  region size 1024K, 22 young (22528K), 1 survivors (1024K)
 Metaspace       used 4058K, capacity 6607K, committed 6656K, reserved 262144K
  class space    used 491K, capacity 729K, committed 768K, reserved 253952K
}
Event: 1.613 GC heap after
{Heap after GC invocations=3 (full 0):
 garbage-first heap   total 262144K, used 12918K [0x00000000e0000000, 0x0000000100000000)
  region size 1024K, 3 young (3072K), 3 survivors (3072K)
 Metaspace       used 4058K, capacity 6607K, committed 6656K, reserved 262144K
  class space    used 491K, capacity 729K, committed 768K, reserved 253952K
}
Event: 4.756 GC heap before
{Heap before GC invocations=3 (full 0):
 garbage-first heap   total 262144K, used 100982K [0x00000000e0000000, 0x0000000100000000)
  region size 1024K, 89 young (91136K), 3 survivors (3072K)
 Metaspace       used 20744K, capacity 21217K, committed 21248K, reserved 272384K
  class space    used 2933K, capacity 3069K, committed 3072K, reserved 253952K
}
Event: 4.771 GC heap after
{Heap after GC invocations=4 (full 0):
 garbage-first heap   total 262144K, used 18891K [0x00000000e0000000, 0x0000000100000000)
  region size 1024K, 9 young (9216K), 9 survivors (9216K)
 Metaspace       used 20744K, capacity 21217K, committed 21248K, reserved 272384K
  class space    used 2933K, capacity 3069K, committed 3072K, reserved 253952K
}
Event: 8.349 GC heap before
{Heap before GC invocations=5 (full 0):
 garbage-first heap   total 262144K, used 116171K [0x00000000e0000000, 0x0000000100000000)
  region size 1024K, 103 young (105472K), 9 survivors (9216K)
 Metaspace       used 35313K, capacity 35905K, committed 35964K, reserved 286720K
  class space    used 4489K, capacity 4687K, committed 4732K, reserved 253952K
}
Event: 8.382 GC heap after
{Heap after GC invocations=6 (full 0):
 garbage-first heap   total 262144K, used 25342K [0x00000000e0000000, 0x0000000100000000)
  region size 1024K, 12 young (12288K), 12 survivors (12288K)
 Metaspace       used 35313K, capacity 35905K, committed 35964K, reserved 286720K
  class space    used 4489K, capacity 4687K, committed 4732K, reserved 253952K
}
Event: 14.997 GC heap before
{Heap before GC invocations=7 (full 0):
 garbage-first heap   total 262144K, used 172798K [0x00000000e0000000, 0x0000000100000000)
  region size 1024K, 153 young (156672K), 12 survivors (12288K)
 Metaspace       used 56813K, capacity 57533K, committed 57724K, reserved 305152K
  class space    used 7271K, capacity 7506K, committed 7548K, reserved 253952K
}
Event: 15.038 GC heap after
{Heap after GC invocations=8 (full 0):
 garbage-first heap   total 262144K, used 42202K [0x00000000e0000000, 0x0000000100000000)
  region size 1024K, 20 young (20480K), 20 survivors (20480K)
 Metaspace       used 56813K, capacity 57533K, committed 57724K, reserved 305152K
  class space    used 7271K, capacity 7506K, committed 7548K, reserved 253952K
}
Event: 15.515 GC heap before
{Heap before GC invocations=8 (full 0):
 garbage-first heap   total 262144K, used 59610K [0x00000000e0000000, 0x0000000100000000)
  region size 1024K, 38 young (38912K), 20 survivors (20480K)
 Metaspace       used 59532K, capacity 60253K, committed 60368K, reserved 307200K
  class space    used 7602K, capacity 7858K, committed 7932K, reserved 253952K
}
Event: 15.556 GC heap after
{Heap after GC invocations=9 (full 0):
 garbage-first heap   total 262144K, used 44745K [0x00000000e0000000, 0x0000000100000000)
  region size 1024K, 3 young (3072K), 3 survivors (3072K)
 Metaspace       used 59532K, capacity 60253K, committed 60368K, reserved 307200K
  class space    used 7602K, capacity 7858K, committed 7932K, reserved 253952K
}

Deoptimization events (20 events):
Event: 16.219 Thread 0x00000238c725fcf0 Uncommon trap: trap_request=0xffffffc6 fr.pc=0x00000238ba5e2040 relative=0x00000000000040e0
Event: 16.219 Thread 0x00000238c725fcf0 Uncommon trap: reason=bimorphic_or_optimized_type_check action=maybe_recompile pc=0x00000238ba5e2040 method=java.util.AbstractCollection.addAll(Ljava/util/Collection;)Z @ 29 c2
Event: 16.219 Thread 0x00000238c725fcf0 DEOPT PACKING pc=0x00000238ba5e2040 sp=0x00000072539f86a0
Event: 16.219 Thread 0x00000238c725fcf0 DEOPT UNPACKING pc=0x00000238b298e42f sp=0x00000072539f8690 mode 2
Event: 16.319 Thread 0x00000238c725fcf0 Uncommon trap: trap_request=0xffffffbe fr.pc=0x00000238ba5a56c8 relative=0x0000000000000288
Event: 16.320 Thread 0x00000238c725fcf0 Uncommon trap: reason=profile_predicate action=maybe_recompile pc=0x00000238ba5a56c8 method=java.util.regex.Pattern$BnM.optimize(Ljava/util/regex/Pattern$Node;)Ljava/util/regex/Pattern$Node; @ 67 c2
Event: 16.320 Thread 0x00000238c725fcf0 DEOPT PACKING pc=0x00000238ba5a56c8 sp=0x00000072539f7da0
Event: 16.320 Thread 0x00000238c725fcf0 DEOPT UNPACKING pc=0x00000238b298e42f sp=0x00000072539f7d48 mode 2
Event: 16.615 Thread 0x00000238c725fcf0 Uncommon trap: trap_request=0xffffffbe fr.pc=0x00000238ba5a56c8 relative=0x0000000000000288
Event: 16.615 Thread 0x00000238c725fcf0 Uncommon trap: reason=profile_predicate action=maybe_recompile pc=0x00000238ba5a56c8 method=java.util.regex.Pattern$BnM.optimize(Ljava/util/regex/Pattern$Node;)Ljava/util/regex/Pattern$Node; @ 67 c2
Event: 16.615 Thread 0x00000238c725fcf0 DEOPT PACKING pc=0x00000238ba5a56c8 sp=0x00000072539f7da0
Event: 16.615 Thread 0x00000238c725fcf0 DEOPT UNPACKING pc=0x00000238b298e42f sp=0x00000072539f7d48 mode 2
Event: 16.847 Thread 0x00000238c725fcf0 Uncommon trap: trap_request=0xffffffbe fr.pc=0x00000238ba5a56c8 relative=0x0000000000000288
Event: 16.847 Thread 0x00000238c725fcf0 Uncommon trap: reason=profile_predicate action=maybe_recompile pc=0x00000238ba5a56c8 method=java.util.regex.Pattern$BnM.optimize(Ljava/util/regex/Pattern$Node;)Ljava/util/regex/Pattern$Node; @ 67 c2
Event: 16.847 Thread 0x00000238c725fcf0 DEOPT PACKING pc=0x00000238ba5a56c8 sp=0x00000072539f7da0
Event: 16.847 Thread 0x00000238c725fcf0 DEOPT UNPACKING pc=0x00000238b298e42f sp=0x00000072539f7d48 mode 2
Event: 16.853 Thread 0x00000238c725fcf0 Uncommon trap: trap_request=0xffffffbe fr.pc=0x00000238ba5a56c8 relative=0x0000000000000288
Event: 16.853 Thread 0x00000238c725fcf0 Uncommon trap: reason=profile_predicate action=maybe_recompile pc=0x00000238ba5a56c8 method=java.util.regex.Pattern$BnM.optimize(Ljava/util/regex/Pattern$Node;)Ljava/util/regex/Pattern$Node; @ 67 c2
Event: 16.853 Thread 0x00000238c725fcf0 DEOPT PACKING pc=0x00000238ba5a56c8 sp=0x00000072539f7da0
Event: 16.853 Thread 0x00000238c725fcf0 DEOPT UNPACKING pc=0x00000238b298e42f sp=0x00000072539f7d48 mode 2

Classes unloaded (0 events):
No events

Classes redefined (0 events):
No events

Internal exceptions (20 events):
Event: 14.680 Thread 0x00000238c725fcf0 Exception <a 'java/lang/ClassNotFoundException'{0x00000000e7245f20}: org/gradle/api/internal/AbstractTaskCustomizer> (0x00000000e7245f20) 
thrown [./open/src/hotspot/share/classfile/systemDictionary.cpp, line 295]
Event: 14.687 Thread 0x00000238c725fcf0 Exception <a 'java/lang/ClassNotFoundException'{0x00000000e7290cb8}: org/gradle/api/DefaultTaskCustomizer> (0x00000000e7290cb8) 
thrown [./open/src/hotspot/share/classfile/systemDictionary.cpp, line 295]
Event: 14.689 Thread 0x00000238c725fcf0 Exception <a 'java/lang/ClassNotFoundException'{0x00000000e72a4950}: org/gradle/api/internal/ConventionTaskCustomizer> (0x00000000e72a4950) 
thrown [./open/src/hotspot/share/classfile/systemDictionary.cpp, line 295]
Event: 14.690 Thread 0x00000238c725fcf0 Exception <a 'java/lang/ClassNotFoundException'{0x00000000e72bb0e0}: org/gradle/api/tasks/SourceTaskCustomizer> (0x00000000e72bb0e0) 
thrown [./open/src/hotspot/share/classfile/systemDictionary.cpp, line 295]
Event: 14.693 Thread 0x00000238c725fcf0 Exception <a 'java/lang/ClassNotFoundException'{0x00000000e72e6838}: org/gradle/api/tasks/compile/AbstractCompileCustomizer> (0x00000000e72e6838) 
thrown [./open/src/hotspot/share/classfile/systemDictionary.cpp, line 295]
Event: 14.694 Thread 0x00000238c725fcf0 Exception <a 'java/lang/ClassNotFoundException'{0x00000000e7106ac0}: org/jetbrains/kotlin/gradle/tasks/AbstractKotlinCompileToolCustomizer> (0x00000000e7106ac0) 
thrown [./open/src/hotspot/share/classfile/systemDictionary.cpp, line 295]
Event: 14.696 Thread 0x00000238c725fcf0 Exception <a 'java/lang/ClassNotFoundException'{0x00000000e7132e00}: org/jetbrains/kotlin/gradle/tasks/AbstractKotlinCompileCustomizer> (0x00000000e7132e00) 
thrown [./open/src/hotspot/share/classfile/systemDictionary.cpp, line 295]
Event: 14.699 Thread 0x00000238c725fcf0 Exception <a 'java/lang/ClassNotFoundException'{0x00000000e717a590}: org/jetbrains/kotlin/gradle/tasks/KotlinCompileCustomizer> (0x00000000e717a590) 
thrown [./open/src/hotspot/share/classfile/systemDictionary.cpp, line 295]
Event: 14.702 Thread 0x00000238c725fcf0 Exception <a 'java/lang/ClassNotFoundException'{0x00000000e71b2368}: org/jetbrains/kotlin/gradle/tasks/KotlinCompile_DecoratedCustomizer> (0x00000000e71b2368) 
thrown [./open/src/hotspot/share/classfile/systemDictionary.cpp, line 295]
Event: 14.711 Thread 0x00000238c725fcf0 Exception <a 'java/lang/ClassNotFoundException'{0x00000000e70513e8}: java/lang/ClassBeanInfo> (0x00000000e70513e8) 
thrown [./open/src/hotspot/share/classfile/systemDictionary.cpp, line 295]
Event: 14.711 Thread 0x00000238c725fcf0 Exception <a 'java/lang/ClassNotFoundException'{0x00000000e7055a50}: java/lang/ClassCustomizer> (0x00000000e7055a50) 
thrown [./open/src/hotspot/share/classfile/systemDictionary.cpp, line 295]
Event: 15.788 Thread 0x00000238c8305200 Exception <a 'java/lang/NoSuchMethodError'{0x00000000efd8cef8}: 'int java.lang.invoke.DirectMethodHandle$Holder.invokeVirtual(java.lang.Object, java.lang.Object)'> (0x00000000efd8cef8) 
thrown [./open/src/hotspot/share/interpreter/linkResolver.cpp, line 782]
Event: 16.070 Thread 0x00000238c725fcf0 Exception <a 'java/lang/NoSuchMethodError'{0x00000000ef1ae288}: 'void java.lang.invoke.DirectMethodHandle$Holder.invokeStatic(java.lang.Object, java.lang.Object, java.lang.Object, java.lang.Object, java.lang.Object, java.lang.Object, java.lang.Object)'> (0x00000000ef1ae288) 
thrown [./open/src/hotspot/share/interpreter/linkResolver.cpp, line 782]
Event: 16.132 Thread 0x00000238c725fcf0 Exception <a 'java/lang/NoSuchMethodError'{0x00000000eef807a0}: 'void java.lang.invoke.DirectMethodHandle$Holder.invokeVirtual(java.lang.Object, java.lang.Object)'> (0x00000000eef807a0) 
thrown [./open/src/hotspot/share/interpreter/linkResolver.cpp, line 782]
Event: 16.441 Thread 0x00000238c725fcf0 Exception <a 'java/lang/NoSuchMethodError'{0x00000000ee6e9da8}: 'void java.lang.invoke.DirectMethodHandle$Holder.invokeStatic(java.lang.Object, long)'> (0x00000000ee6e9da8) 
thrown [./open/src/hotspot/share/interpreter/linkResolver.cpp, line 782]
Event: 16.441 Thread 0x00000238c725fcf0 Exception <a 'java/lang/NoSuchMethodError'{0x00000000ee6f0670}: 'java.lang.Object java.lang.invoke.DirectMethodHandle$Holder.newInvokeSpecial(java.lang.Object, long)'> (0x00000000ee6f0670) 
thrown [./open/src/hotspot/share/interpreter/linkResolver.cpp, line 782]
Event: 16.444 Thread 0x00000238c725fcf0 Exception <a 'java/lang/NoSuchMethodError'{0x00000000ee6f8520}: 'java.lang.Object java.lang.invoke.DirectMethodHandle$Holder.invokeStatic(java.lang.Object, java.lang.Object, long, java.lang.Object)'> (0x00000000ee6f8520) 
thrown [./open/src/hotspot/share/interpreter/linkResolver.cpp, line 782]
Event: 16.445 Thread 0x00000238c725fcf0 Exception <a 'java/lang/NoSuchMethodError'{0x00000000ee6fd1b0}: 'java.lang.Object java.lang.invoke.DirectMethodHandle$Holder.invokeStaticInit(java.lang.Object, java.lang.Object, long, java.lang.Object)'> (0x00000000ee6fd1b0) 
thrown [./open/src/hotspot/share/interpreter/linkResolver.cpp, line 782]
Event: 16.446 Thread 0x00000238c725fcf0 Exception <a 'java/lang/NoSuchMethodError'{0x00000000ee5050f0}: 'java.lang.Object java.lang.invoke.DirectMethodHandle$Holder.newInvokeSpecial(java.lang.Object, java.lang.Object, long)'> (0x00000000ee5050f0) 
thrown [./open/src/hotspot/share/interpreter/linkResolver.cpp, line 782]
Event: 16.446 Thread 0x00000238c725fcf0 Exception <a 'java/lang/NoSuchMethodError'{0x00000000ee509e50}: 'java.lang.Object java.lang.invoke.Invokers$Holder.linkToTargetMethod(java.lang.Object, long, java.lang.Object)'> (0x00000000ee509e50) 
thrown [./open/src/hotspot/share/interpreter/linkResolver.cpp, line 782]

Events (20 events):
Event: 16.449 loading class java/util/concurrent/Semaphore
Event: 16.450 loading class java/util/concurrent/Semaphore done
Event: 16.450 loading class java/util/concurrent/Semaphore$NonfairSync
Event: 16.450 loading class java/util/concurrent/Semaphore$Sync
Event: 16.450 loading class java/util/concurrent/Semaphore$Sync done
Event: 16.450 loading class java/util/concurrent/Semaphore$NonfairSync done
Event: 16.453 Thread 0x00000238c89887e0 Thread added: 0x00000238c89887e0
Event: 16.453 loading class java/util/concurrent/locks/AbstractQueuedSynchronizer$SharedNode
Event: 16.453 loading class java/util/concurrent/locks/AbstractQueuedSynchronizer$SharedNode done
Event: 16.612 Thread 0x00000238c89887e0 Thread exited: 0x00000238c89887e0
Event: 16.731 Thread 0x00000238c898c670 Thread added: 0x00000238c898c670
Event: 16.844 Thread 0x00000238c898c670 Thread exited: 0x00000238c898c670
Event: 16.852 Executing VM operation: ICBufferFull
Event: 16.852 Executing VM operation: ICBufferFull done
Event: 16.892 loading class java/util/regex/Pattern$Behind
Event: 16.892 loading class java/util/regex/Pattern$Behind done
Event: 16.892 loading class java/util/regex/Pattern$Pos
Event: 16.893 loading class java/util/regex/Pattern$Pos done
Event: 16.893 loading class javax/swing/text/html/HTMLEditorKit$ParserCallback
Event: 16.894 loading class javax/swing/text/html/HTMLEditorKit$ParserCallback done


Dynamic libraries:
0x00007ff6865f0000 - 0x00007ff6865fd000 	C:\Users\Nadya\.jdks\openjdk-15.0.1-2\bin\java.exe
0x00007ffefc2b0000 - 0x00007ffefc4a6000 	C:\Windows\SYSTEM32\ntdll.dll
0x00007ffefb8e0000 - 0x00007ffefb99d000 	C:\Windows\System32\KERNEL32.DLL
0x00007ffef9f30000 - 0x00007ffefa1f9000 	C:\Windows\System32\KERNELBASE.dll
0x00007ffef9e30000 - 0x00007ffef9f30000 	C:\Windows\System32\ucrtbase.dll
0x00007ffee6cf0000 - 0x00007ffee6d09000 	C:\Users\Nadya\.jdks\openjdk-15.0.1-2\bin\VCRUNTIME140.dll
0x00007ffee6cd0000 - 0x00007ffee6ce8000 	C:\Users\Nadya\.jdks\openjdk-15.0.1-2\bin\jli.dll
0x00007ffefb740000 - 0x00007ffefb8e0000 	C:\Windows\System32\USER32.dll
0x00007ffef9bb0000 - 0x00007ffef9bd2000 	C:\Windows\System32\win32u.dll
0x00007ffefa920000 - 0x00007ffefa94a000 	C:\Windows\System32\GDI32.dll
0x00007ffefa200000 - 0x00007ffefa30b000 	C:\Windows\System32\gdi32full.dll
0x00007ffef9d40000 - 0x00007ffef9ddd000 	C:\Windows\System32\msvcp_win.dll
0x00007ffee5e30000 - 0x00007ffee60cb000 	C:\Windows\WinSxS\amd64_microsoft.windows.common-controls_6595b64144ccf1df_6.0.19041.746_none_ca02b4b61b8320a4\COMCTL32.dll
0x00007ffefc1d0000 - 0x00007ffefc26e000 	C:\Windows\System32\msvcrt.dll
0x00007ffefad50000 - 0x00007ffefad80000 	C:\Windows\System32\IMM32.DLL
0x00007ffee6c40000 - 0x00007ffee6c4c000 	C:\Users\Nadya\.jdks\openjdk-15.0.1-2\bin\vcruntime140_1.dll
0x00007ffec6e80000 - 0x00007ffec6f11000 	C:\Users\Nadya\.jdks\openjdk-15.0.1-2\bin\msvcp140.dll
0x00007ffead110000 - 0x00007ffeadc6e000 	C:\Users\Nadya\.jdks\openjdk-15.0.1-2\bin\server\jvm.dll
0x00007ffefa860000 - 0x00007ffefa90c000 	C:\Windows\System32\ADVAPI32.dll
0x00007ffefbfa0000 - 0x00007ffefc03c000 	C:\Windows\System32\sechost.dll
0x00007ffefac20000 - 0x00007ffefad4b000 	C:\Windows\System32\RPCRT4.dll
0x00007ffefabb0000 - 0x00007ffefabb8000 	C:\Windows\System32\PSAPI.DLL
0x00007ffee4360000 - 0x00007ffee4369000 	C:\Windows\SYSTEM32\WSOCK32.dll
0x00007ffefbe10000 - 0x00007ffefbe7b000 	C:\Windows\System32\WS2_32.dll
0x00007ffef2470000 - 0x00007ffef247a000 	C:\Windows\SYSTEM32\VERSION.dll
0x00007ffee9120000 - 0x00007ffee9147000 	C:\Windows\SYSTEM32\WINMM.dll
0x00007ffef8300000 - 0x00007ffef8312000 	C:\Windows\SYSTEM32\kernel.appcore.dll
0x00007ffee6a60000 - 0x00007ffee6a6a000 	C:\Users\Nadya\.jdks\openjdk-15.0.1-2\bin\jimage.dll
0x00007ffef7fe0000 - 0x00007ffef81c4000 	C:\Windows\SYSTEM32\DBGHELP.DLL
0x00007ffee0570000 - 0x00007ffee059c000 	C:\Windows\SYSTEM32\dbgcore.DLL
0x00007ffef9b30000 - 0x00007ffef9bb0000 	C:\Windows\System32\bcryptPrimitives.dll
0x00007ffeda9f0000 - 0x00007ffedaa15000 	C:\Users\Nadya\.jdks\openjdk-15.0.1-2\bin\java.dll
0x00007ffefafd0000 - 0x00007ffefb713000 	C:\Windows\System32\SHELL32.dll
0x00007ffef7780000 - 0x00007ffef7f0f000 	C:\Windows\SYSTEM32\windows.storage.dll
0x00007ffefa470000 - 0x00007ffefa7c6000 	C:\Windows\System32\combase.dll
0x00007ffef9450000 - 0x00007ffef947c000 	C:\Windows\SYSTEM32\Wldp.dll
0x00007ffefad80000 - 0x00007ffefae2e000 	C:\Windows\System32\SHCORE.dll
0x00007ffefaf70000 - 0x00007ffefafc5000 	C:\Windows\System32\shlwapi.dll
0x00007ffef9920000 - 0x00007ffef9946000 	C:\Windows\SYSTEM32\profapi.dll
0x00007ffedaab0000 - 0x00007ffedaac9000 	C:\Users\Nadya\.jdks\openjdk-15.0.1-2\bin\net.dll
0x00007ffee70a0000 - 0x00007ffee71a0000 	C:\Windows\SYSTEM32\WINHTTP.dll
0x00007ffef91d0000 - 0x00007ffef923a000 	C:\Windows\system32\mswsock.dll
0x00007ffed57b0000 - 0x00007ffed57c2000 	C:\Users\Nadya\.jdks\openjdk-15.0.1-2\bin\nio.dll
0x00007ffed5030000 - 0x00007ffed5048000 	C:\Users\Nadya\.jdks\openjdk-15.0.1-2\bin\zip.dll
0x00007ffee6a50000 - 0x00007ffee6a60000 	C:\Users\Nadya\.jdks\openjdk-15.0.1-2\bin\verify.dll
0x00007ffedaad0000 - 0x00007ffedaaf7000 	C:\Users\Nadya\.gradle\native\c976cfcca226fdd4bee4412e95191dd41148b7504f9625baeda1d523bc39a967\windows-amd64\native-platform.dll
0x00007ffee69f0000 - 0x00007ffee69f9000 	C:\Users\Nadya\.jdks\openjdk-15.0.1-2\bin\management.dll
0x00007ffee48e0000 - 0x00007ffee48eb000 	C:\Users\Nadya\.jdks\openjdk-15.0.1-2\bin\management_ext.dll
0x00007ffef93b0000 - 0x00007ffef93c8000 	C:\Windows\SYSTEM32\CRYPTSP.dll
0x00007ffef8b00000 - 0x00007ffef8b34000 	C:\Windows\system32\rsaenh.dll
0x00007ffef99f0000 - 0x00007ffef9a17000 	C:\Windows\System32\bcrypt.dll
0x00007ffef98e0000 - 0x00007ffef990e000 	C:\Windows\SYSTEM32\USERENV.dll
0x00007ffef93a0000 - 0x00007ffef93ac000 	C:\Windows\SYSTEM32\CRYPTBASE.dll
0x00007ffef8e70000 - 0x00007ffef8eab000 	C:\Windows\SYSTEM32\IPHLPAPI.DLL
0x00007ffefa910000 - 0x00007ffefa918000 	C:\Windows\System32\NSI.dll
0x00007ffef0cb0000 - 0x00007ffef0cc7000 	C:\Windows\SYSTEM32\dhcpcsvc6.DLL
0x00007ffef1580000 - 0x00007ffef159d000 	C:\Windows\SYSTEM32\dhcpcsvc.DLL
0x00007ffef8eb0000 - 0x00007ffef8f7b000 	C:\Windows\SYSTEM32\DNSAPI.dll
0x00007ffee5a50000 - 0x00007ffee5a5a000 	C:\Windows\System32\rasadhlp.dll
0x00007ffee7810000 - 0x00007ffee788f000 	C:\Windows\System32\fwpuclnt.dll
0x00007ffeedc10000 - 0x00007ffeedc1d000 	C:\Users\Nadya\.jdks\openjdk-15.0.1-2\bin\sunmscapi.dll
0x00007ffef9be0000 - 0x00007ffef9d36000 	C:\Windows\System32\CRYPT32.dll
0x00007ffef94c0000 - 0x00007ffef94e7000 	C:\Windows\SYSTEM32\ncrypt.dll
0x00007ffef9480000 - 0x00007ffef94bb000 	C:\Windows\SYSTEM32\NTASN1.dll
0x00007ffed5470000 - 0x00007ffed548e000 	C:\Users\Nadya\AppData\Local\Temp\native-platform6898995996693701086dir\native-platform.dll

dbghelp: loaded successfully - version: 4.0.5 - missing functions: none
symbol engine: initialized successfully - sym options: 0x614 - pdb path: .;C:\Users\Nadya\.jdks\openjdk-15.0.1-2\bin;C:\Windows\SYSTEM32;C:\Windows\WinSxS\amd64_microsoft.windows.common-controls_6595b64144ccf1df_6.0.19041.746_none_ca02b4b61b8320a4;C:\Users\Nadya\.jdks\openjdk-15.0.1-2\bin\server;C:\Users\Nadya\.gradle\native\c976cfcca226fdd4bee4412e95191dd41148b7504f9625baeda1d523bc39a967\windows-amd64;C:\Users\Nadya\AppData\Local\Temp\native-platform6898995996693701086dir

VM Arguments:
jvm_args: --add-opens=java.base/java.util=ALL-UNNAMED --add-opens=java.base/java.lang=ALL-UNNAMED --add-opens=java.base/java.lang.invoke=ALL-UNNAMED --add-opens=java.prefs/java.util.prefs=ALL-UNNAMED -XX:MaxMetaspaceSize=256m -XX:+HeapDumpOnOutOfMemoryError -Xms256m -Xmx512m -Dfile.encoding=windows-1251 -Duser.country=RU -Duser.language=ru -Duser.variant 
java_command: org.gradle.launcher.daemon.bootstrap.GradleDaemon 6.3
java_class_path (initial): C:\Users\Nadya\.gradle\wrapper\dists\gradle-6.3-bin\8tpu6egwsccjzp10c1jckl0rx\gradle-6.3\lib\gradle-launcher-6.3.jar
Launcher Type: SUN_STANDARD

[Global flags]
     intx CICompilerCount                          = 3                                         {product} {ergonomic}
   size_t CompressedClassSpaceSize                 = 260046848                                 {product} {ergonomic}
     uint ConcGCThreads                            = 1                                         {product} {ergonomic}
     uint G1ConcRefinementThreads                  = 4                                         {product} {ergonomic}
   size_t G1HeapRegionSize                         = 1048576                                   {product} {ergonomic}
    uintx GCDrainStackTargetSize                   = 64                                        {product} {ergonomic}
     bool HeapDumpOnOutOfMemoryError               = true                                   {manageable} {command line}
   size_t InitialHeapSize                          = 268435456                                 {product} {command line}
   size_t MarkStackSize                            = 4194304                                   {product} {ergonomic}
   size_t MaxHeapSize                              = 536870912                                 {product} {command line}
   size_t MaxMetaspaceSize                         = 268435456                                 {product} {command line}
   size_t MaxNewSize                               = 321912832                                 {product} {ergonomic}
   size_t MinHeapDeltaBytes                        = 1048576                                   {product} {ergonomic}
   size_t MinHeapSize                              = 268435456                                 {product} {command line}
    uintx NonNMethodCodeHeapSize                   = 5832780                                {pd product} {ergonomic}
    uintx NonProfiledCodeHeapSize                  = 122912730                              {pd product} {ergonomic}
    uintx ProfiledCodeHeapSize                     = 122912730                              {pd product} {ergonomic}
    uintx ReservedCodeCacheSize                    = 251658240                              {pd product} {ergonomic}
     bool SegmentedCodeCache                       = true                                      {product} {ergonomic}
   size_t SoftMaxHeapSize                          = 536870912                              {manageable} {ergonomic}
     bool UseCompressedClassPointers               = true                                 {lp64_product} {ergonomic}
     bool UseCompressedOops                        = true                                 {lp64_product} {ergonomic}
     bool UseG1GC                                  = true                                      {product} {ergonomic}
     bool UseLargePagesIndividualAllocation        = false                                  {pd product} {ergonomic}

Logging:
Log output configuration:
 #0: stdout all=warning uptime,level,tags
 #1: stderr all=off uptime,level,tags

Environment Variables:
PATH=C:\Program Files (x86)\Common Files\Oracle\Java\javapath;C:\ProgramData\Oracle\Java\javapath;C:\Windows\system32;C:\Windows;C:\Windows\System32\Wbem;C:\Windows\System32\WindowsPowerShell\v1.0\;C:\Windows\System32\OpenSSH\;C:\Program Files\Git\cmd;C:\Users\Nadya\AppData\Local\Microsoft\WindowsApps;C:\Program Files\JetBrains2\IntelliJ IDEA Community Edition 2020.2.3\bin;;C:\Gradle\gradle-6.8\bin;
USERNAME=Nadya
OS=Windows_NT
PROCESSOR_IDENTIFIER=Intel64 Family 6 Model 78 Stepping 3, GenuineIntel



---------------  S Y S T E M  ---------------

OS:
 Windows 10 , 64 bit Build 19041 (10.0.19041.662)
OS uptime: 0 days 0:35 hours

CPU: total 4 (initial active 4) (2 cores per cpu, 2 threads per core) family 6 model 78 stepping 3 microcode 0xcc, cmov, cx8, fxsr, mmx, sse, sse2, sse3, ssse3, sse4.1, sse4.2, popcnt, vzeroupper, avx, avx2, aes, clmul, erms, 3dnowpref, lzcnt, ht, tsc, tscinvbit, bmi1, bmi2, adx, fma, clflush, clflushopt

Memory: 4k page, system-wide physical 3512M (31M free)
TotalPageFile size 5560M (AvailPageFile size 2M)
current process WorkingSet (physical memory assigned to process): 346M, peak: 351M
current process commit charge ("private bytes"): 470M, peak: 474M

vm_info: OpenJDK 64-Bit Server VM (15.0.1+9-18) for windows-amd64 JRE (15.0.1+9-18), built on Sep 15 2020 14:39:31 by "mach5one" with unknown MS VC++:1925

END.
